<?xml version="1.0" encoding="UTF-8"?>
<testsuites name="PolicyCreation" time="483" tests="13" failures="0" errors="0">
   <testsuite name="PolicyCreation" tests="13" failures="0" errors="0" time="483" timestamp="2019-04-16 14:52:21" hostname="dipak - DIPAKDAS-PC.indusnettechnologies.com" id="Test Suites/CreatePolicy/PolicyCreation">
      <properties>
         <property name="deviceName" value=""/>
         <property name="devicePlatform" value=""/>
         <property name="logFolder" value="E:\\MarkitCore\\CoreApplication\\Reports\\CreatePolicy\\PolicyCreation\\20190416_145214"/>
         <property name="logFiles" value="E:\\MarkitCore\\CoreApplication\\Reports\\CreatePolicy\\PolicyCreation\\20190416_145214\\execution0.log"/>
         <property name="attachments" value=""/>
         <property name="hostName" value="dipak - DIPAKDAS-PC.indusnettechnologies.com"/>
         <property name="os" value="Windows 7 32bit"/>
         <property name="katalonVersion" value="6.0.5.4"/>
         <property name="browser" value="Chrome 73.0.3683.103"/>
         <property name="hostAddress" value="10.0.12.237"/>
         <property name="sessionId" value="f0f385adf306a266f99e09e2c7e941d1"/>
         <property name="seleniumVersion" value="3.7.1"/>
         <property name="proxyInformation" value="ProxyInformation{proxyOption=NO_PROXY, proxyServerType=HTTP, password=, proxyServerAddress=, proxyServerPort=0}"/>
         <property name="platform" value="Windows 7"/>
      </properties>
      <testcase name="Test Cases/TC01-LoginApplication" classname="Test Cases/TC01-LoginApplication" status="PASSED">
         <system-out><![CDATA[2019-04-16 14:52:29 - [TEST_CASE][PASSED] - Test Cases/TC01-LoginApplication: Test Cases/TC01-LoginApplication

2019-04-16 14:52:29 - [TEST_STEP][NOT_RUN] - openBrowser(""): NOT_RUN: openBrowser("")

2019-04-16 14:52:29 - [MESSAGE][NOT_RUN] - NOT_RUN: openBrowser("")

2019-04-16 14:52:29 - [TEST_STEP][NOT_RUN] - navigateToUrl("https://dev.offshoresoftwaresolutions.net/markit_coreV2/Sites/CoreTest/login/admin_display"): NOT_RUN: navigateToUrl("https://dev.offshoresoftwaresolutions.net/markit_coreV2/Sites/CoreTest/login/admin_display")

2019-04-16 14:52:29 - [MESSAGE][NOT_RUN] - NOT_RUN: navigateToUrl("https://dev.offshoresoftwaresolutions.net/markit_coreV2/Sites/CoreTest/login/admin_display")

2019-04-16 14:52:29 - [TEST_STEP][PASSED] - setText(findTestObject("Object Repository/TC-LoginApplication/Page_Markit core new  Login/input_Login to your account_username"), "dDasTester"): Text 'dDasTester' is set on object 'Object Repository/TC-LoginApplication/Page_Markit core new  Login/input_Login to your account_username'

2019-04-16 14:52:29 - [MESSAGE][PASSED] - Text 'dDasTester' is set on object 'Object Repository/TC-LoginApplication/Page_Markit core new  Login/input_Login to your account_username'

2019-04-16 14:52:29 - [TEST_STEP][PASSED] - setText(findTestObject("Object Repository/TC-LoginApplication/Page_Markit core new  Login/input_Login to your account_password"), "Czybm6R*"): Text 'Czybm6R*' is set on object 'Object Repository/TC-LoginApplication/Page_Markit core new  Login/input_Login to your account_password'

2019-04-16 14:52:29 - [MESSAGE][PASSED] - Text 'Czybm6R*' is set on object 'Object Repository/TC-LoginApplication/Page_Markit core new  Login/input_Login to your account_password'

2019-04-16 14:52:29 - [TEST_STEP][PASSED] - delay(4, STOP_ON_FAILURE): Delayed 4 second(s)

2019-04-16 14:52:33 - [MESSAGE][PASSED] - Delayed 4 second(s)

2019-04-16 14:52:33 - [TEST_STEP][NOT_RUN] - maximizeWindow(): NOT_RUN: maximizeWindow()

2019-04-16 14:52:33 - [MESSAGE][NOT_RUN] - NOT_RUN: maximizeWindow()

2019-04-16 14:52:33 - [TEST_STEP][PASSED] - click(findTestObject("Object Repository/TC-LoginApplication/Page_Markit core new  Login/button_Login")): Object: 'Object Repository/TC-LoginApplication/Page_Markit core new  Login/button_Login' is clicked on

2019-04-16 14:52:39 - [MESSAGE][PASSED] - Object: 'Object Repository/TC-LoginApplication/Page_Markit core new  Login/button_Login' is clicked on

2019-04-16 14:52:39 - [TEST_STEP][NOT_RUN] - log = new com.kms.katalon.core.logging.KeywordLogger(): NOT_RUN: log = new com.kms.katalon.core.logging.KeywordLogger()

2019-04-16 14:52:39 - [MESSAGE][NOT_RUN] - NOT_RUN: log = new com.kms.katalon.core.logging.KeywordLogger()

2019-04-16 14:52:39 - [TEST_STEP][NOT_RUN] - log.logInfo(“Dipak”): NOT_RUN: log.logInfo(“Dipak”)

2019-04-16 14:52:39 - [MESSAGE][NOT_RUN] - NOT_RUN: log.logInfo(“Dipak”)]]></system-out>
         <system-err><![CDATA[]]></system-err>
      </testcase>
      <testcase name="Test Cases/TC04-AccountMatching-MGA" classname="Test Cases/TC04-AccountMatching-MGA" status="PASSED">
         <system-out><![CDATA[2019-04-16 14:52:39 - [TEST_CASE][PASSED] - Test Cases/TC04-AccountMatching-MGA: Test Cases/TC04-AccountMatching-MGA

2019-04-16 14:52:39 - [TEST_STEP][PASSED] - log = new com.kms.katalon.core.logging.KeywordLogger(): null

2019-04-16 14:52:39 - [TEST_STEP][PASSED] - delay(3): Delayed 3 second(s)

2019-04-16 14:52:42 - [MESSAGE][PASSED] - Delayed 3 second(s)

2019-04-16 14:52:42 - [TEST_STEP][PASSED] - scrollToElement(findTestObject("TC04-AccountMatching-MGA/AccountManagement"), 5): Scroll to object 'Object Repository/TC04-AccountMatching-MGA/AccountManagement' successfully

2019-04-16 14:52:43 - [MESSAGE][PASSED] - Scroll to object 'Object Repository/TC04-AccountMatching-MGA/AccountManagement' successfully

2019-04-16 14:52:43 - [TEST_STEP][PASSED] - click(findTestObject("TC04-AccountMatching-MGA/AccountManagement")): Object: 'Object Repository/TC04-AccountMatching-MGA/AccountManagement' is clicked on

2019-04-16 14:52:43 - [MESSAGE][PASSED] - Object: 'Object Repository/TC04-AccountMatching-MGA/AccountManagement' is clicked on

2019-04-16 14:52:43 - [TEST_STEP][NOT_RUN] - delay(5): NOT_RUN: delay(5)

2019-04-16 14:52:43 - [MESSAGE][NOT_RUN] - NOT_RUN: delay(5)

2019-04-16 14:52:43 - [TEST_STEP][PASSED] - waitForElementVisible(findTestObject("TC04-AccountMatching-MGA/AccountMatchingLink"), 4): Object 'Object Repository/TC04-AccountMatching-MGA/AccountMatchingLink' is visible

2019-04-16 14:52:43 - [MESSAGE][PASSED] - Object 'Object Repository/TC04-AccountMatching-MGA/AccountMatchingLink' is visible

2019-04-16 14:52:43 - [TEST_STEP][PASSED] - click(findTestObject("TC04-AccountMatching-MGA/AccountMatchingLink")): Object: 'Object Repository/TC04-AccountMatching-MGA/AccountMatchingLink' is clicked on

2019-04-16 14:52:45 - [MESSAGE][PASSED] - Object: 'Object Repository/TC04-AccountMatching-MGA/AccountMatchingLink' is clicked on

2019-04-16 14:52:45 - [TEST_STEP][PASSED] - delay(5): Delayed 5 second(s)

2019-04-16 14:52:50 - [MESSAGE][PASSED] - Delayed 5 second(s)

2019-04-16 14:52:50 - [TEST_STEP][PASSED] - selectOptionByLabel(findTestObject("TC04-AccountMatching-MGA/EntityType"), "MGA", false): All options with label 'MGA' are selected in object 'Object Repository/TC04-AccountMatching-MGA/EntityType' 

2019-04-16 14:52:50 - [MESSAGE][PASSED] - All options with label 'MGA' are selected in object 'Object Repository/TC04-AccountMatching-MGA/EntityType' 

2019-04-16 14:52:50 - [TEST_STEP][PASSED] - delay(5): Delayed 5 second(s)

2019-04-16 14:52:55 - [MESSAGE][PASSED] - Delayed 5 second(s)

2019-04-16 14:52:55 - [TEST_STEP][PASSED] - selectOptionByLabel(findTestObject("TC04-AccountMatching-MGA/Entity"), "NEW MGA", false): All options with label 'NEW MGA' are selected in object 'Object Repository/TC04-AccountMatching-MGA/Entity' 

2019-04-16 14:52:55 - [MESSAGE][PASSED] - All options with label 'NEW MGA' are selected in object 'Object Repository/TC04-AccountMatching-MGA/Entity' 

2019-04-16 14:52:55 - [TEST_STEP][PASSED] - waitForElementClickable(findTestObject("TC04-AccountMatching-MGA/ClickGoButton"), 5): Object 'Object Repository/TC04-AccountMatching-MGA/ClickGoButton' is clickable

2019-04-16 14:52:56 - [MESSAGE][PASSED] - Object 'Object Repository/TC04-AccountMatching-MGA/ClickGoButton' is clickable

2019-04-16 14:52:56 - [TEST_STEP][PASSED] - click(findTestObject("TC04-AccountMatching-MGA/ClickGoButton")): Object: 'Object Repository/TC04-AccountMatching-MGA/ClickGoButton' is clicked on

2019-04-16 14:52:57 - [MESSAGE][PASSED] - Object: 'Object Repository/TC04-AccountMatching-MGA/ClickGoButton' is clicked on

2019-04-16 14:52:57 - [TEST_STEP][PASSED] - waitForJQueryLoad(5): jQuery is ready.

2019-04-16 14:52:58 - [MESSAGE][PASSED] - jQuery is ready.

2019-04-16 14:52:58 - [TEST_STEP][PASSED] - selectOptionByLabel(findTestObject("TC04-AccountMatching-MGA/SelectAccount"), "ComissionOnly -- Allocated -- NEW MGA CommAccount -- USD", false): All options with label 'ComissionOnly -- Allocated -- NEW MGA CommAccount -- USD' are selected in object 'Object Repository/TC04-AccountMatching-MGA/SelectAccount' 

2019-04-16 14:52:58 - [MESSAGE][PASSED] - All options with label 'ComissionOnly -- Allocated -- NEW MGA CommAccount -- USD' are selected in object 'Object Repository/TC04-AccountMatching-MGA/SelectAccount' 

2019-04-16 14:52:58 - [TEST_STEP][PASSED] - delay(5): Delayed 5 second(s)

2019-04-16 14:53:03 - [MESSAGE][PASSED] - Delayed 5 second(s)

2019-04-16 14:53:03 - [TEST_STEP][PASSED] - setText(findTestObject("TC04-AccountMatching-MGA/Acc_Matching_PolicyNo_TextBox"), MTA_Policy_No): Text 'DASD/POLICY/002873' is set on object 'Object Repository/TC04-AccountMatching-MGA/Acc_Matching_PolicyNo_TextBox'

2019-04-16 14:53:03 - [MESSAGE][PASSED] - Text 'DASD/POLICY/002873' is set on object 'Object Repository/TC04-AccountMatching-MGA/Acc_Matching_PolicyNo_TextBox'

2019-04-16 14:53:03 - [TEST_STEP][PASSED] - sendKeys(findTestObject("TC04-AccountMatching-MGA/Acc_Matching_PolicyNo_TextBox"), Keys.chord(ENTER)): Keys 'ENTER + ' sent to object: 'Object Repository/TC04-AccountMatching-MGA/Acc_Matching_PolicyNo_TextBox'

2019-04-16 14:53:03 - [MESSAGE][PASSED] - Keys 'ENTER + ' sent to object: 'Object Repository/TC04-AccountMatching-MGA/Acc_Matching_PolicyNo_TextBox'

2019-04-16 14:53:03 - [TEST_STEP][PASSED] - delay(5): Delayed 5 second(s)

2019-04-16 14:53:08 - [MESSAGE][PASSED] - Delayed 5 second(s)

2019-04-16 14:53:08 - [TEST_STEP][PASSED] - waitForElementClickable(findTestObject("TC04-AccountMatching-MGA/CheckBox"), 5): Object 'Object Repository/TC04-AccountMatching-MGA/CheckBox' is clickable

2019-04-16 14:53:08 - [MESSAGE][PASSED] - Object 'Object Repository/TC04-AccountMatching-MGA/CheckBox' is clickable

2019-04-16 14:53:08 - [TEST_STEP][PASSED] - click(findTestObject("TC04-AccountMatching-MGA/CheckBox")): Object: 'Object Repository/TC04-AccountMatching-MGA/CheckBox' is clicked on

2019-04-16 14:53:09 - [MESSAGE][PASSED] - Object: 'Object Repository/TC04-AccountMatching-MGA/CheckBox' is clicked on

2019-04-16 14:53:09 - [TEST_STEP][PASSED] - delay(4): Delayed 4 second(s)

2019-04-16 14:53:13 - [MESSAGE][PASSED] - Delayed 4 second(s)

2019-04-16 14:53:13 - [TEST_STEP][PASSED] - MGA_Comission_Amount = getText(findTestObject("TC04-AccountMatching-MGA/MGA_Amount")): Text of object 'Object Repository/TC04-AccountMatching-MGA/MGA_Amount' is: 'USD 145.50'

2019-04-16 14:53:13 - [MESSAGE][PASSED] - Text of object 'Object Repository/TC04-AccountMatching-MGA/MGA_Amount' is: 'USD 145.50'

2019-04-16 14:53:13 - [TEST_STEP][PASSED] - scrollToElement(findTestObject("TC04-AccountMatching-MGA/PAYFULL"), 5): Scroll to object 'Object Repository/TC04-AccountMatching-MGA/PAYFULL' successfully

2019-04-16 14:53:13 - [MESSAGE][PASSED] - Scroll to object 'Object Repository/TC04-AccountMatching-MGA/PAYFULL' successfully

2019-04-16 14:53:13 - [TEST_STEP][PASSED] - setText(findTestObject("TC04-AccountMatching-MGA/PAYFULL"), MGA_Comission_Amount): Text 'USD 145.50' is set on object 'Object Repository/TC04-AccountMatching-MGA/PAYFULL'

2019-04-16 14:53:13 - [MESSAGE][PASSED] - Text 'USD 145.50' is set on object 'Object Repository/TC04-AccountMatching-MGA/PAYFULL'

2019-04-16 14:53:13 - [TEST_STEP][PASSED] - click(findTestObject("TC04-AccountMatching-MGA/MatchAmount")): Object: 'Object Repository/TC04-AccountMatching-MGA/MatchAmount' is clicked on

2019-04-16 14:53:13 - [MESSAGE][PASSED] - Object: 'Object Repository/TC04-AccountMatching-MGA/MatchAmount' is clicked on

2019-04-16 14:53:13 - [TEST_STEP][PASSED] - delay(5): Delayed 5 second(s)

2019-04-16 14:53:18 - [MESSAGE][PASSED] - Delayed 5 second(s)

2019-04-16 14:53:18 - [TEST_STEP][PASSED] - com.excel.helper.ExcelHelper.updateTheExcel("E:\MarkitCore\CoreApplication\Data Files\TestData\Comission.xlsx", "Sheet1", MGA_Comission_Amount): com.excel.helper.ExcelHelper.updateTheExcel is PASSED

2019-04-16 14:53:21 - [MESSAGE][PASSED] - com.excel.helper.ExcelHelper.updateTheExcel is PASSED

2019-04-16 14:53:21 - [TEST_STEP][PASSED] - log.logInfo(MGA_Comission_Amount): USD 145.50

2019-04-16 14:53:21 - [MESSAGE][INFO] - USD 145.50]]></system-out>
         <system-err><![CDATA[]]></system-err>
      </testcase>
      <testcase name="Test Cases/TC04-AccountMatching-MGA" classname="Test Cases/TC04-AccountMatching-MGA" status="PASSED">
         <system-out><![CDATA[2019-04-16 14:53:21 - [TEST_CASE][PASSED] - Test Cases/TC04-AccountMatching-MGA: Test Cases/TC04-AccountMatching-MGA

2019-04-16 14:53:21 - [TEST_STEP][PASSED] - log = new com.kms.katalon.core.logging.KeywordLogger(): null

2019-04-16 14:53:21 - [TEST_STEP][PASSED] - delay(3): Delayed 3 second(s)

2019-04-16 14:53:24 - [MESSAGE][PASSED] - Delayed 3 second(s)

2019-04-16 14:53:24 - [TEST_STEP][PASSED] - scrollToElement(findTestObject("TC04-AccountMatching-MGA/AccountManagement"), 5): Scroll to object 'Object Repository/TC04-AccountMatching-MGA/AccountManagement' successfully

2019-04-16 14:53:24 - [MESSAGE][PASSED] - Scroll to object 'Object Repository/TC04-AccountMatching-MGA/AccountManagement' successfully

2019-04-16 14:53:24 - [TEST_STEP][PASSED] - click(findTestObject("TC04-AccountMatching-MGA/AccountManagement")): Object: 'Object Repository/TC04-AccountMatching-MGA/AccountManagement' is clicked on

2019-04-16 14:53:24 - [MESSAGE][PASSED] - Object: 'Object Repository/TC04-AccountMatching-MGA/AccountManagement' is clicked on

2019-04-16 14:53:24 - [TEST_STEP][NOT_RUN] - delay(5): NOT_RUN: delay(5)

2019-04-16 14:53:24 - [MESSAGE][NOT_RUN] - NOT_RUN: delay(5)

2019-04-16 14:53:24 - [TEST_STEP][PASSED] - waitForElementVisible(findTestObject("TC04-AccountMatching-MGA/AccountMatchingLink"), 4): Object 'Object Repository/TC04-AccountMatching-MGA/AccountMatchingLink' is visible

2019-04-16 14:53:24 - [MESSAGE][PASSED] - Object 'Object Repository/TC04-AccountMatching-MGA/AccountMatchingLink' is visible

2019-04-16 14:53:24 - [TEST_STEP][PASSED] - click(findTestObject("TC04-AccountMatching-MGA/AccountMatchingLink")): Object: 'Object Repository/TC04-AccountMatching-MGA/AccountMatchingLink' is clicked on

2019-04-16 14:53:25 - [MESSAGE][PASSED] - Object: 'Object Repository/TC04-AccountMatching-MGA/AccountMatchingLink' is clicked on

2019-04-16 14:53:25 - [TEST_STEP][PASSED] - delay(5): Delayed 5 second(s)

2019-04-16 14:53:30 - [MESSAGE][PASSED] - Delayed 5 second(s)

2019-04-16 14:53:30 - [TEST_STEP][PASSED] - selectOptionByLabel(findTestObject("TC04-AccountMatching-MGA/EntityType"), "MGA", false): All options with label 'MGA' are selected in object 'Object Repository/TC04-AccountMatching-MGA/EntityType' 

2019-04-16 14:53:30 - [MESSAGE][PASSED] - All options with label 'MGA' are selected in object 'Object Repository/TC04-AccountMatching-MGA/EntityType' 

2019-04-16 14:53:30 - [TEST_STEP][PASSED] - delay(5): Delayed 5 second(s)

2019-04-16 14:53:35 - [MESSAGE][PASSED] - Delayed 5 second(s)

2019-04-16 14:53:35 - [TEST_STEP][PASSED] - selectOptionByLabel(findTestObject("TC04-AccountMatching-MGA/Entity"), "NEW MGA", false): All options with label 'NEW MGA' are selected in object 'Object Repository/TC04-AccountMatching-MGA/Entity' 

2019-04-16 14:53:35 - [MESSAGE][PASSED] - All options with label 'NEW MGA' are selected in object 'Object Repository/TC04-AccountMatching-MGA/Entity' 

2019-04-16 14:53:35 - [TEST_STEP][PASSED] - waitForElementClickable(findTestObject("TC04-AccountMatching-MGA/ClickGoButton"), 5): Object 'Object Repository/TC04-AccountMatching-MGA/ClickGoButton' is clickable

2019-04-16 14:53:35 - [MESSAGE][PASSED] - Object 'Object Repository/TC04-AccountMatching-MGA/ClickGoButton' is clickable

2019-04-16 14:53:35 - [TEST_STEP][PASSED] - click(findTestObject("TC04-AccountMatching-MGA/ClickGoButton")): Object: 'Object Repository/TC04-AccountMatching-MGA/ClickGoButton' is clicked on

2019-04-16 14:53:37 - [MESSAGE][PASSED] - Object: 'Object Repository/TC04-AccountMatching-MGA/ClickGoButton' is clicked on

2019-04-16 14:53:37 - [TEST_STEP][PASSED] - waitForJQueryLoad(5): jQuery is ready.

2019-04-16 14:53:38 - [MESSAGE][PASSED] - jQuery is ready.

2019-04-16 14:53:38 - [TEST_STEP][PASSED] - selectOptionByLabel(findTestObject("TC04-AccountMatching-MGA/SelectAccount"), "ComissionOnly -- Allocated -- NEW MGA CommAccount -- USD", false): All options with label 'ComissionOnly -- Allocated -- NEW MGA CommAccount -- USD' are selected in object 'Object Repository/TC04-AccountMatching-MGA/SelectAccount' 

2019-04-16 14:53:38 - [MESSAGE][PASSED] - All options with label 'ComissionOnly -- Allocated -- NEW MGA CommAccount -- USD' are selected in object 'Object Repository/TC04-AccountMatching-MGA/SelectAccount' 

2019-04-16 14:53:38 - [TEST_STEP][PASSED] - delay(5): Delayed 5 second(s)

2019-04-16 14:53:43 - [MESSAGE][PASSED] - Delayed 5 second(s)

2019-04-16 14:53:43 - [TEST_STEP][PASSED] - setText(findTestObject("TC04-AccountMatching-MGA/Acc_Matching_PolicyNo_TextBox"), MTA_Policy_No): Text 'DASD/POLICY/002875' is set on object 'Object Repository/TC04-AccountMatching-MGA/Acc_Matching_PolicyNo_TextBox'

2019-04-16 14:53:43 - [MESSAGE][PASSED] - Text 'DASD/POLICY/002875' is set on object 'Object Repository/TC04-AccountMatching-MGA/Acc_Matching_PolicyNo_TextBox'

2019-04-16 14:53:43 - [TEST_STEP][PASSED] - sendKeys(findTestObject("TC04-AccountMatching-MGA/Acc_Matching_PolicyNo_TextBox"), Keys.chord(ENTER)): Keys 'ENTER + ' sent to object: 'Object Repository/TC04-AccountMatching-MGA/Acc_Matching_PolicyNo_TextBox'

2019-04-16 14:53:43 - [MESSAGE][PASSED] - Keys 'ENTER + ' sent to object: 'Object Repository/TC04-AccountMatching-MGA/Acc_Matching_PolicyNo_TextBox'

2019-04-16 14:53:43 - [TEST_STEP][PASSED] - delay(5): Delayed 5 second(s)

2019-04-16 14:53:48 - [MESSAGE][PASSED] - Delayed 5 second(s)

2019-04-16 14:53:48 - [TEST_STEP][PASSED] - waitForElementClickable(findTestObject("TC04-AccountMatching-MGA/CheckBox"), 5): Object 'Object Repository/TC04-AccountMatching-MGA/CheckBox' is clickable

2019-04-16 14:53:48 - [MESSAGE][PASSED] - Object 'Object Repository/TC04-AccountMatching-MGA/CheckBox' is clickable

2019-04-16 14:53:48 - [TEST_STEP][PASSED] - click(findTestObject("TC04-AccountMatching-MGA/CheckBox")): Object: 'Object Repository/TC04-AccountMatching-MGA/CheckBox' is clicked on

2019-04-16 14:53:48 - [MESSAGE][PASSED] - Object: 'Object Repository/TC04-AccountMatching-MGA/CheckBox' is clicked on

2019-04-16 14:53:48 - [TEST_STEP][PASSED] - delay(4): Delayed 4 second(s)

2019-04-16 14:53:52 - [MESSAGE][PASSED] - Delayed 4 second(s)

2019-04-16 14:53:52 - [TEST_STEP][PASSED] - MGA_Comission_Amount = getText(findTestObject("TC04-AccountMatching-MGA/MGA_Amount")): Text of object 'Object Repository/TC04-AccountMatching-MGA/MGA_Amount' is: 'USD 145.50'

2019-04-16 14:53:52 - [MESSAGE][PASSED] - Text of object 'Object Repository/TC04-AccountMatching-MGA/MGA_Amount' is: 'USD 145.50'

2019-04-16 14:53:52 - [TEST_STEP][PASSED] - scrollToElement(findTestObject("TC04-AccountMatching-MGA/PAYFULL"), 5): Scroll to object 'Object Repository/TC04-AccountMatching-MGA/PAYFULL' successfully

2019-04-16 14:53:52 - [MESSAGE][PASSED] - Scroll to object 'Object Repository/TC04-AccountMatching-MGA/PAYFULL' successfully

2019-04-16 14:53:52 - [TEST_STEP][PASSED] - setText(findTestObject("TC04-AccountMatching-MGA/PAYFULL"), MGA_Comission_Amount): Text 'USD 145.50' is set on object 'Object Repository/TC04-AccountMatching-MGA/PAYFULL'

2019-04-16 14:53:52 - [MESSAGE][PASSED] - Text 'USD 145.50' is set on object 'Object Repository/TC04-AccountMatching-MGA/PAYFULL'

2019-04-16 14:53:52 - [TEST_STEP][PASSED] - click(findTestObject("TC04-AccountMatching-MGA/MatchAmount")): Object: 'Object Repository/TC04-AccountMatching-MGA/MatchAmount' is clicked on

2019-04-16 14:53:52 - [MESSAGE][PASSED] - Object: 'Object Repository/TC04-AccountMatching-MGA/MatchAmount' is clicked on

2019-04-16 14:53:52 - [TEST_STEP][PASSED] - delay(5): Delayed 5 second(s)

2019-04-16 14:53:57 - [MESSAGE][PASSED] - Delayed 5 second(s)

2019-04-16 14:53:57 - [TEST_STEP][PASSED] - com.excel.helper.ExcelHelper.updateTheExcel("E:\MarkitCore\CoreApplication\Data Files\TestData\Comission.xlsx", "Sheet1", MGA_Comission_Amount): com.excel.helper.ExcelHelper.updateTheExcel is PASSED

2019-04-16 14:53:57 - [MESSAGE][PASSED] - com.excel.helper.ExcelHelper.updateTheExcel is PASSED

2019-04-16 14:53:57 - [TEST_STEP][PASSED] - log.logInfo(MGA_Comission_Amount): USD 145.50

2019-04-16 14:53:57 - [MESSAGE][INFO] - USD 145.50]]></system-out>
         <system-err><![CDATA[]]></system-err>
      </testcase>
      <testcase name="Test Cases/TC04-AccountMatching-MGA" classname="Test Cases/TC04-AccountMatching-MGA" status="PASSED">
         <system-out><![CDATA[2019-04-16 14:53:57 - [TEST_CASE][PASSED] - Test Cases/TC04-AccountMatching-MGA: Test Cases/TC04-AccountMatching-MGA

2019-04-16 14:53:57 - [TEST_STEP][PASSED] - log = new com.kms.katalon.core.logging.KeywordLogger(): null

2019-04-16 14:53:57 - [TEST_STEP][PASSED] - delay(3): Delayed 3 second(s)

2019-04-16 14:54:00 - [MESSAGE][PASSED] - Delayed 3 second(s)

2019-04-16 14:54:00 - [TEST_STEP][PASSED] - scrollToElement(findTestObject("TC04-AccountMatching-MGA/AccountManagement"), 5): Scroll to object 'Object Repository/TC04-AccountMatching-MGA/AccountManagement' successfully

2019-04-16 14:54:01 - [MESSAGE][PASSED] - Scroll to object 'Object Repository/TC04-AccountMatching-MGA/AccountManagement' successfully

2019-04-16 14:54:01 - [TEST_STEP][PASSED] - click(findTestObject("TC04-AccountMatching-MGA/AccountManagement")): Object: 'Object Repository/TC04-AccountMatching-MGA/AccountManagement' is clicked on

2019-04-16 14:54:01 - [MESSAGE][PASSED] - Object: 'Object Repository/TC04-AccountMatching-MGA/AccountManagement' is clicked on

2019-04-16 14:54:01 - [TEST_STEP][NOT_RUN] - delay(5): NOT_RUN: delay(5)

2019-04-16 14:54:01 - [MESSAGE][NOT_RUN] - NOT_RUN: delay(5)

2019-04-16 14:54:01 - [TEST_STEP][PASSED] - waitForElementVisible(findTestObject("TC04-AccountMatching-MGA/AccountMatchingLink"), 4): Object 'Object Repository/TC04-AccountMatching-MGA/AccountMatchingLink' is visible

2019-04-16 14:54:01 - [MESSAGE][PASSED] - Object 'Object Repository/TC04-AccountMatching-MGA/AccountMatchingLink' is visible

2019-04-16 14:54:01 - [TEST_STEP][PASSED] - click(findTestObject("TC04-AccountMatching-MGA/AccountMatchingLink")): Object: 'Object Repository/TC04-AccountMatching-MGA/AccountMatchingLink' is clicked on

2019-04-16 14:54:02 - [MESSAGE][PASSED] - Object: 'Object Repository/TC04-AccountMatching-MGA/AccountMatchingLink' is clicked on

2019-04-16 14:54:02 - [TEST_STEP][PASSED] - delay(5): Delayed 5 second(s)

2019-04-16 14:54:07 - [MESSAGE][PASSED] - Delayed 5 second(s)

2019-04-16 14:54:07 - [TEST_STEP][PASSED] - selectOptionByLabel(findTestObject("TC04-AccountMatching-MGA/EntityType"), "MGA", false): All options with label 'MGA' are selected in object 'Object Repository/TC04-AccountMatching-MGA/EntityType' 

2019-04-16 14:54:07 - [MESSAGE][PASSED] - All options with label 'MGA' are selected in object 'Object Repository/TC04-AccountMatching-MGA/EntityType' 

2019-04-16 14:54:07 - [TEST_STEP][PASSED] - delay(5): Delayed 5 second(s)

2019-04-16 14:54:12 - [MESSAGE][PASSED] - Delayed 5 second(s)

2019-04-16 14:54:12 - [TEST_STEP][PASSED] - selectOptionByLabel(findTestObject("TC04-AccountMatching-MGA/Entity"), "NEW MGA", false): All options with label 'NEW MGA' are selected in object 'Object Repository/TC04-AccountMatching-MGA/Entity' 

2019-04-16 14:54:12 - [MESSAGE][PASSED] - All options with label 'NEW MGA' are selected in object 'Object Repository/TC04-AccountMatching-MGA/Entity' 

2019-04-16 14:54:12 - [TEST_STEP][PASSED] - waitForElementClickable(findTestObject("TC04-AccountMatching-MGA/ClickGoButton"), 5): Object 'Object Repository/TC04-AccountMatching-MGA/ClickGoButton' is clickable

2019-04-16 14:54:12 - [MESSAGE][PASSED] - Object 'Object Repository/TC04-AccountMatching-MGA/ClickGoButton' is clickable

2019-04-16 14:54:12 - [TEST_STEP][PASSED] - click(findTestObject("TC04-AccountMatching-MGA/ClickGoButton")): Object: 'Object Repository/TC04-AccountMatching-MGA/ClickGoButton' is clicked on

2019-04-16 14:54:14 - [MESSAGE][PASSED] - Object: 'Object Repository/TC04-AccountMatching-MGA/ClickGoButton' is clicked on

2019-04-16 14:54:14 - [TEST_STEP][PASSED] - waitForJQueryLoad(5): jQuery is ready.

2019-04-16 14:54:14 - [MESSAGE][PASSED] - jQuery is ready.

2019-04-16 14:54:14 - [TEST_STEP][PASSED] - selectOptionByLabel(findTestObject("TC04-AccountMatching-MGA/SelectAccount"), "ComissionOnly -- Allocated -- NEW MGA CommAccount -- USD", false): All options with label 'ComissionOnly -- Allocated -- NEW MGA CommAccount -- USD' are selected in object 'Object Repository/TC04-AccountMatching-MGA/SelectAccount' 

2019-04-16 14:54:14 - [MESSAGE][PASSED] - All options with label 'ComissionOnly -- Allocated -- NEW MGA CommAccount -- USD' are selected in object 'Object Repository/TC04-AccountMatching-MGA/SelectAccount' 

2019-04-16 14:54:14 - [TEST_STEP][PASSED] - delay(5): Delayed 5 second(s)

2019-04-16 14:54:19 - [MESSAGE][PASSED] - Delayed 5 second(s)

2019-04-16 14:54:19 - [TEST_STEP][PASSED] - setText(findTestObject("TC04-AccountMatching-MGA/Acc_Matching_PolicyNo_TextBox"), MTA_Policy_No): Text '' is set on object 'Object Repository/TC04-AccountMatching-MGA/Acc_Matching_PolicyNo_TextBox'

2019-04-16 14:54:19 - [MESSAGE][PASSED] - Text '' is set on object 'Object Repository/TC04-AccountMatching-MGA/Acc_Matching_PolicyNo_TextBox'

2019-04-16 14:54:19 - [TEST_STEP][PASSED] - sendKeys(findTestObject("TC04-AccountMatching-MGA/Acc_Matching_PolicyNo_TextBox"), Keys.chord(ENTER)): Keys 'ENTER + ' sent to object: 'Object Repository/TC04-AccountMatching-MGA/Acc_Matching_PolicyNo_TextBox'

2019-04-16 14:54:19 - [MESSAGE][PASSED] - Keys 'ENTER + ' sent to object: 'Object Repository/TC04-AccountMatching-MGA/Acc_Matching_PolicyNo_TextBox'

2019-04-16 14:54:19 - [TEST_STEP][PASSED] - delay(5): Delayed 5 second(s)

2019-04-16 14:54:24 - [MESSAGE][PASSED] - Delayed 5 second(s)

2019-04-16 14:54:24 - [TEST_STEP][PASSED] - waitForElementClickable(findTestObject("TC04-AccountMatching-MGA/CheckBox"), 5): Object 'Object Repository/TC04-AccountMatching-MGA/CheckBox' is clickable

2019-04-16 14:54:24 - [MESSAGE][PASSED] - Object 'Object Repository/TC04-AccountMatching-MGA/CheckBox' is clickable

2019-04-16 14:54:24 - [TEST_STEP][PASSED] - click(findTestObject("TC04-AccountMatching-MGA/CheckBox")): Object: 'Object Repository/TC04-AccountMatching-MGA/CheckBox' is clicked on

2019-04-16 14:54:24 - [MESSAGE][PASSED] - Object: 'Object Repository/TC04-AccountMatching-MGA/CheckBox' is clicked on

2019-04-16 14:54:24 - [TEST_STEP][PASSED] - delay(4): Delayed 4 second(s)

2019-04-16 14:54:28 - [MESSAGE][PASSED] - Delayed 4 second(s)

2019-04-16 14:54:28 - [TEST_STEP][PASSED] - MGA_Comission_Amount = getText(findTestObject("TC04-AccountMatching-MGA/MGA_Amount")): Text of object 'Object Repository/TC04-AccountMatching-MGA/MGA_Amount' is: 'USD 145.50'

2019-04-16 14:54:29 - [MESSAGE][PASSED] - Text of object 'Object Repository/TC04-AccountMatching-MGA/MGA_Amount' is: 'USD 145.50'

2019-04-16 14:54:29 - [TEST_STEP][PASSED] - scrollToElement(findTestObject("TC04-AccountMatching-MGA/PAYFULL"), 5): Scroll to object 'Object Repository/TC04-AccountMatching-MGA/PAYFULL' successfully

2019-04-16 14:54:29 - [MESSAGE][PASSED] - Scroll to object 'Object Repository/TC04-AccountMatching-MGA/PAYFULL' successfully

2019-04-16 14:54:29 - [TEST_STEP][PASSED] - setText(findTestObject("TC04-AccountMatching-MGA/PAYFULL"), MGA_Comission_Amount): Text 'USD 145.50' is set on object 'Object Repository/TC04-AccountMatching-MGA/PAYFULL'

2019-04-16 14:54:29 - [MESSAGE][PASSED] - Text 'USD 145.50' is set on object 'Object Repository/TC04-AccountMatching-MGA/PAYFULL'

2019-04-16 14:54:29 - [TEST_STEP][PASSED] - click(findTestObject("TC04-AccountMatching-MGA/MatchAmount")): Object: 'Object Repository/TC04-AccountMatching-MGA/MatchAmount' is clicked on

2019-04-16 14:54:29 - [MESSAGE][PASSED] - Object: 'Object Repository/TC04-AccountMatching-MGA/MatchAmount' is clicked on

2019-04-16 14:54:29 - [TEST_STEP][PASSED] - delay(5): Delayed 5 second(s)

2019-04-16 14:54:34 - [MESSAGE][PASSED] - Delayed 5 second(s)

2019-04-16 14:54:34 - [TEST_STEP][PASSED] - com.excel.helper.ExcelHelper.updateTheExcel("E:\MarkitCore\CoreApplication\Data Files\TestData\Comission.xlsx", "Sheet1", MGA_Comission_Amount): com.excel.helper.ExcelHelper.updateTheExcel is PASSED

2019-04-16 14:54:34 - [MESSAGE][PASSED] - com.excel.helper.ExcelHelper.updateTheExcel is PASSED

2019-04-16 14:54:34 - [TEST_STEP][PASSED] - log.logInfo(MGA_Comission_Amount): USD 145.50

2019-04-16 14:54:34 - [MESSAGE][INFO] - USD 145.50]]></system-out>
         <system-err><![CDATA[]]></system-err>
      </testcase>
      <testcase name="Test Cases/TC04-AccountMatching-MGA" classname="Test Cases/TC04-AccountMatching-MGA" status="PASSED">
         <system-out><![CDATA[2019-04-16 14:54:34 - [TEST_CASE][PASSED] - Test Cases/TC04-AccountMatching-MGA: Test Cases/TC04-AccountMatching-MGA

2019-04-16 14:54:34 - [TEST_STEP][PASSED] - log = new com.kms.katalon.core.logging.KeywordLogger(): null

2019-04-16 14:54:34 - [TEST_STEP][PASSED] - delay(3): Delayed 3 second(s)

2019-04-16 14:54:37 - [MESSAGE][PASSED] - Delayed 3 second(s)

2019-04-16 14:54:37 - [TEST_STEP][PASSED] - scrollToElement(findTestObject("TC04-AccountMatching-MGA/AccountManagement"), 5): Scroll to object 'Object Repository/TC04-AccountMatching-MGA/AccountManagement' successfully

2019-04-16 14:54:37 - [MESSAGE][PASSED] - Scroll to object 'Object Repository/TC04-AccountMatching-MGA/AccountManagement' successfully

2019-04-16 14:54:37 - [TEST_STEP][PASSED] - click(findTestObject("TC04-AccountMatching-MGA/AccountManagement")): Object: 'Object Repository/TC04-AccountMatching-MGA/AccountManagement' is clicked on

2019-04-16 14:54:37 - [MESSAGE][PASSED] - Object: 'Object Repository/TC04-AccountMatching-MGA/AccountManagement' is clicked on

2019-04-16 14:54:37 - [TEST_STEP][NOT_RUN] - delay(5): NOT_RUN: delay(5)

2019-04-16 14:54:37 - [MESSAGE][NOT_RUN] - NOT_RUN: delay(5)

2019-04-16 14:54:37 - [TEST_STEP][PASSED] - waitForElementVisible(findTestObject("TC04-AccountMatching-MGA/AccountMatchingLink"), 4): Object 'Object Repository/TC04-AccountMatching-MGA/AccountMatchingLink' is visible

2019-04-16 14:54:37 - [MESSAGE][PASSED] - Object 'Object Repository/TC04-AccountMatching-MGA/AccountMatchingLink' is visible

2019-04-16 14:54:37 - [TEST_STEP][PASSED] - click(findTestObject("TC04-AccountMatching-MGA/AccountMatchingLink")): Object: 'Object Repository/TC04-AccountMatching-MGA/AccountMatchingLink' is clicked on

2019-04-16 14:54:38 - [MESSAGE][PASSED] - Object: 'Object Repository/TC04-AccountMatching-MGA/AccountMatchingLink' is clicked on

2019-04-16 14:54:38 - [TEST_STEP][PASSED] - delay(5): Delayed 5 second(s)

2019-04-16 14:54:43 - [MESSAGE][PASSED] - Delayed 5 second(s)

2019-04-16 14:54:43 - [TEST_STEP][PASSED] - selectOptionByLabel(findTestObject("TC04-AccountMatching-MGA/EntityType"), "MGA", false): All options with label 'MGA' are selected in object 'Object Repository/TC04-AccountMatching-MGA/EntityType' 

2019-04-16 14:54:43 - [MESSAGE][PASSED] - All options with label 'MGA' are selected in object 'Object Repository/TC04-AccountMatching-MGA/EntityType' 

2019-04-16 14:54:43 - [TEST_STEP][PASSED] - delay(5): Delayed 5 second(s)

2019-04-16 14:54:48 - [MESSAGE][PASSED] - Delayed 5 second(s)

2019-04-16 14:54:48 - [TEST_STEP][PASSED] - selectOptionByLabel(findTestObject("TC04-AccountMatching-MGA/Entity"), "NEW MGA", false): All options with label 'NEW MGA' are selected in object 'Object Repository/TC04-AccountMatching-MGA/Entity' 

2019-04-16 14:54:49 - [MESSAGE][PASSED] - All options with label 'NEW MGA' are selected in object 'Object Repository/TC04-AccountMatching-MGA/Entity' 

2019-04-16 14:54:49 - [TEST_STEP][PASSED] - waitForElementClickable(findTestObject("TC04-AccountMatching-MGA/ClickGoButton"), 5): Object 'Object Repository/TC04-AccountMatching-MGA/ClickGoButton' is clickable

2019-04-16 14:54:49 - [MESSAGE][PASSED] - Object 'Object Repository/TC04-AccountMatching-MGA/ClickGoButton' is clickable

2019-04-16 14:54:49 - [TEST_STEP][PASSED] - click(findTestObject("TC04-AccountMatching-MGA/ClickGoButton")): Object: 'Object Repository/TC04-AccountMatching-MGA/ClickGoButton' is clicked on

2019-04-16 14:54:50 - [MESSAGE][PASSED] - Object: 'Object Repository/TC04-AccountMatching-MGA/ClickGoButton' is clicked on

2019-04-16 14:54:50 - [TEST_STEP][PASSED] - waitForJQueryLoad(5): jQuery is ready.

2019-04-16 14:54:51 - [MESSAGE][PASSED] - jQuery is ready.

2019-04-16 14:54:51 - [TEST_STEP][PASSED] - selectOptionByLabel(findTestObject("TC04-AccountMatching-MGA/SelectAccount"), "ComissionOnly -- Allocated -- NEW MGA CommAccount -- USD", false): All options with label 'ComissionOnly -- Allocated -- NEW MGA CommAccount -- USD' are selected in object 'Object Repository/TC04-AccountMatching-MGA/SelectAccount' 

2019-04-16 14:54:51 - [MESSAGE][PASSED] - All options with label 'ComissionOnly -- Allocated -- NEW MGA CommAccount -- USD' are selected in object 'Object Repository/TC04-AccountMatching-MGA/SelectAccount' 

2019-04-16 14:54:51 - [TEST_STEP][PASSED] - delay(5): Delayed 5 second(s)

2019-04-16 14:54:56 - [MESSAGE][PASSED] - Delayed 5 second(s)

2019-04-16 14:54:56 - [TEST_STEP][PASSED] - setText(findTestObject("TC04-AccountMatching-MGA/Acc_Matching_PolicyNo_TextBox"), MTA_Policy_No): Text '' is set on object 'Object Repository/TC04-AccountMatching-MGA/Acc_Matching_PolicyNo_TextBox'

2019-04-16 14:54:56 - [MESSAGE][PASSED] - Text '' is set on object 'Object Repository/TC04-AccountMatching-MGA/Acc_Matching_PolicyNo_TextBox'

2019-04-16 14:54:56 - [TEST_STEP][PASSED] - sendKeys(findTestObject("TC04-AccountMatching-MGA/Acc_Matching_PolicyNo_TextBox"), Keys.chord(ENTER)): Keys 'ENTER + ' sent to object: 'Object Repository/TC04-AccountMatching-MGA/Acc_Matching_PolicyNo_TextBox'

2019-04-16 14:54:56 - [MESSAGE][PASSED] - Keys 'ENTER + ' sent to object: 'Object Repository/TC04-AccountMatching-MGA/Acc_Matching_PolicyNo_TextBox'

2019-04-16 14:54:56 - [TEST_STEP][PASSED] - delay(5): Delayed 5 second(s)

2019-04-16 14:55:01 - [MESSAGE][PASSED] - Delayed 5 second(s)

2019-04-16 14:55:01 - [TEST_STEP][PASSED] - waitForElementClickable(findTestObject("TC04-AccountMatching-MGA/CheckBox"), 5): Object 'Object Repository/TC04-AccountMatching-MGA/CheckBox' is clickable

2019-04-16 14:55:01 - [MESSAGE][PASSED] - Object 'Object Repository/TC04-AccountMatching-MGA/CheckBox' is clickable

2019-04-16 14:55:01 - [TEST_STEP][PASSED] - click(findTestObject("TC04-AccountMatching-MGA/CheckBox")): Object: 'Object Repository/TC04-AccountMatching-MGA/CheckBox' is clicked on

2019-04-16 14:55:01 - [MESSAGE][PASSED] - Object: 'Object Repository/TC04-AccountMatching-MGA/CheckBox' is clicked on

2019-04-16 14:55:01 - [TEST_STEP][PASSED] - delay(4): Delayed 4 second(s)

2019-04-16 14:55:05 - [MESSAGE][PASSED] - Delayed 4 second(s)

2019-04-16 14:55:05 - [TEST_STEP][PASSED] - MGA_Comission_Amount = getText(findTestObject("TC04-AccountMatching-MGA/MGA_Amount")): Text of object 'Object Repository/TC04-AccountMatching-MGA/MGA_Amount' is: 'USD 97.00'

2019-04-16 14:55:05 - [MESSAGE][PASSED] - Text of object 'Object Repository/TC04-AccountMatching-MGA/MGA_Amount' is: 'USD 97.00'

2019-04-16 14:55:05 - [TEST_STEP][PASSED] - scrollToElement(findTestObject("TC04-AccountMatching-MGA/PAYFULL"), 5): Scroll to object 'Object Repository/TC04-AccountMatching-MGA/PAYFULL' successfully

2019-04-16 14:55:05 - [MESSAGE][PASSED] - Scroll to object 'Object Repository/TC04-AccountMatching-MGA/PAYFULL' successfully

2019-04-16 14:55:05 - [TEST_STEP][PASSED] - setText(findTestObject("TC04-AccountMatching-MGA/PAYFULL"), MGA_Comission_Amount): Text 'USD 97.00' is set on object 'Object Repository/TC04-AccountMatching-MGA/PAYFULL'

2019-04-16 14:55:05 - [MESSAGE][PASSED] - Text 'USD 97.00' is set on object 'Object Repository/TC04-AccountMatching-MGA/PAYFULL'

2019-04-16 14:55:05 - [TEST_STEP][PASSED] - click(findTestObject("TC04-AccountMatching-MGA/MatchAmount")): Object: 'Object Repository/TC04-AccountMatching-MGA/MatchAmount' is clicked on

2019-04-16 14:55:05 - [MESSAGE][PASSED] - Object: 'Object Repository/TC04-AccountMatching-MGA/MatchAmount' is clicked on

2019-04-16 14:55:05 - [TEST_STEP][PASSED] - delay(5): Delayed 5 second(s)

2019-04-16 14:55:10 - [MESSAGE][PASSED] - Delayed 5 second(s)

2019-04-16 14:55:10 - [TEST_STEP][PASSED] - com.excel.helper.ExcelHelper.updateTheExcel("E:\MarkitCore\CoreApplication\Data Files\TestData\Comission.xlsx", "Sheet1", MGA_Comission_Amount): com.excel.helper.ExcelHelper.updateTheExcel is PASSED

2019-04-16 14:55:10 - [MESSAGE][PASSED] - com.excel.helper.ExcelHelper.updateTheExcel is PASSED

2019-04-16 14:55:10 - [TEST_STEP][PASSED] - log.logInfo(MGA_Comission_Amount): USD 97.00

2019-04-16 14:55:10 - [MESSAGE][INFO] - USD 97.00]]></system-out>
         <system-err><![CDATA[]]></system-err>
      </testcase>
      <testcase name="Test Cases/TC07-AccountMatching-Broker" classname="Test Cases/TC07-AccountMatching-Broker" status="PASSED">
         <system-out><![CDATA[2019-04-16 14:55:10 - [TEST_CASE][PASSED] - Test Cases/TC07-AccountMatching-Broker: Test Cases/TC07-AccountMatching-Broker

2019-04-16 14:55:11 - [TEST_STEP][PASSED] - log = new com.kms.katalon.core.logging.KeywordLogger(): null

2019-04-16 14:55:11 - [TEST_STEP][PASSED] - delay(3): Delayed 3 second(s)

2019-04-16 14:55:14 - [MESSAGE][PASSED] - Delayed 3 second(s)

2019-04-16 14:55:14 - [TEST_STEP][PASSED] - scrollToElement(findTestObject("TC04-AccountMatching-MGA/AccountManagement"), 5): Scroll to object 'Object Repository/TC04-AccountMatching-MGA/AccountManagement' successfully

2019-04-16 14:55:14 - [MESSAGE][PASSED] - Scroll to object 'Object Repository/TC04-AccountMatching-MGA/AccountManagement' successfully

2019-04-16 14:55:14 - [TEST_STEP][PASSED] - click(findTestObject("TC04-AccountMatching-MGA/AccountManagement")): Object: 'Object Repository/TC04-AccountMatching-MGA/AccountManagement' is clicked on

2019-04-16 14:55:14 - [MESSAGE][PASSED] - Object: 'Object Repository/TC04-AccountMatching-MGA/AccountManagement' is clicked on

2019-04-16 14:55:14 - [TEST_STEP][NOT_RUN] - delay(5): NOT_RUN: delay(5)

2019-04-16 14:55:14 - [MESSAGE][NOT_RUN] - NOT_RUN: delay(5)

2019-04-16 14:55:14 - [TEST_STEP][PASSED] - waitForElementVisible(findTestObject("TC04-AccountMatching-MGA/AccountMatchingLink"), 4): Object 'Object Repository/TC04-AccountMatching-MGA/AccountMatchingLink' is visible

2019-04-16 14:55:14 - [MESSAGE][PASSED] - Object 'Object Repository/TC04-AccountMatching-MGA/AccountMatchingLink' is visible

2019-04-16 14:55:14 - [TEST_STEP][PASSED] - click(findTestObject("TC04-AccountMatching-MGA/AccountMatchingLink")): Object: 'Object Repository/TC04-AccountMatching-MGA/AccountMatchingLink' is clicked on

2019-04-16 14:55:16 - [MESSAGE][PASSED] - Object: 'Object Repository/TC04-AccountMatching-MGA/AccountMatchingLink' is clicked on

2019-04-16 14:55:16 - [TEST_STEP][PASSED] - delay(5): Delayed 5 second(s)

2019-04-16 14:55:21 - [MESSAGE][PASSED] - Delayed 5 second(s)

2019-04-16 14:55:21 - [TEST_STEP][PASSED] - delay(5): Delayed 5 second(s)

2019-04-16 14:55:26 - [MESSAGE][PASSED] - Delayed 5 second(s)

2019-04-16 14:55:26 - [TEST_STEP][PASSED] - selectOptionByLabel(findTestObject("TC04-AccountMatching-MGA/EntityType"), "Broker", false): All options with label 'Broker' are selected in object 'Object Repository/TC04-AccountMatching-MGA/EntityType' 

2019-04-16 14:55:26 - [MESSAGE][PASSED] - All options with label 'Broker' are selected in object 'Object Repository/TC04-AccountMatching-MGA/EntityType' 

2019-04-16 14:55:26 - [TEST_STEP][PASSED] - delay(5): Delayed 5 second(s)

2019-04-16 14:55:31 - [MESSAGE][PASSED] - Delayed 5 second(s)

2019-04-16 14:55:31 - [TEST_STEP][PASSED] - selectOptionByLabel(findTestObject("TC04-AccountMatching-MGA/Entity"), "New Broker", false): All options with label 'New Broker' are selected in object 'Object Repository/TC04-AccountMatching-MGA/Entity' 

2019-04-16 14:55:31 - [MESSAGE][PASSED] - All options with label 'New Broker' are selected in object 'Object Repository/TC04-AccountMatching-MGA/Entity' 

2019-04-16 14:55:31 - [TEST_STEP][PASSED] - waitForElementClickable(findTestObject("TC04-AccountMatching-MGA/ClickGoButton"), 5): Object 'Object Repository/TC04-AccountMatching-MGA/ClickGoButton' is clickable

2019-04-16 14:55:31 - [MESSAGE][PASSED] - Object 'Object Repository/TC04-AccountMatching-MGA/ClickGoButton' is clickable

2019-04-16 14:55:31 - [TEST_STEP][PASSED] - click(findTestObject("TC04-AccountMatching-MGA/ClickGoButton")): Object: 'Object Repository/TC04-AccountMatching-MGA/ClickGoButton' is clicked on

2019-04-16 14:55:33 - [MESSAGE][PASSED] - Object: 'Object Repository/TC04-AccountMatching-MGA/ClickGoButton' is clicked on

2019-04-16 14:55:33 - [TEST_STEP][PASSED] - waitForJQueryLoad(5): jQuery is ready.

2019-04-16 14:55:34 - [MESSAGE][PASSED] - jQuery is ready.

2019-04-16 14:55:34 - [TEST_STEP][PASSED] - selectOptionByLabel(findTestObject("TC04-AccountMatching-MGA/SelectAccount"), "COMMSION ACCOUNT -- Allocated -- DEFAULT-300013-USD -- USD", false): All options with label 'COMMSION ACCOUNT -- Allocated -- DEFAULT-300013-USD -- USD' are selected in object 'Object Repository/TC04-AccountMatching-MGA/SelectAccount' 

2019-04-16 14:55:34 - [MESSAGE][PASSED] - All options with label 'COMMSION ACCOUNT -- Allocated -- DEFAULT-300013-USD -- USD' are selected in object 'Object Repository/TC04-AccountMatching-MGA/SelectAccount' 

2019-04-16 14:55:34 - [TEST_STEP][PASSED] - delay(5): Delayed 5 second(s)

2019-04-16 14:55:39 - [MESSAGE][PASSED] - Delayed 5 second(s)

2019-04-16 14:55:39 - [TEST_STEP][PASSED] - setText(findTestObject("TC04-AccountMatching-MGA/Acc_Matching_PolicyNo_TextBox"), MTA_Policy_No): Text 'DASD/POLICY/002873' is set on object 'Object Repository/TC04-AccountMatching-MGA/Acc_Matching_PolicyNo_TextBox'

2019-04-16 14:55:39 - [MESSAGE][PASSED] - Text 'DASD/POLICY/002873' is set on object 'Object Repository/TC04-AccountMatching-MGA/Acc_Matching_PolicyNo_TextBox'

2019-04-16 14:55:39 - [TEST_STEP][PASSED] - sendKeys(findTestObject("TC04-AccountMatching-MGA/Acc_Matching_PolicyNo_TextBox"), Keys.chord(ENTER)): Keys 'ENTER + ' sent to object: 'Object Repository/TC04-AccountMatching-MGA/Acc_Matching_PolicyNo_TextBox'

2019-04-16 14:55:39 - [MESSAGE][PASSED] - Keys 'ENTER + ' sent to object: 'Object Repository/TC04-AccountMatching-MGA/Acc_Matching_PolicyNo_TextBox'

2019-04-16 14:55:39 - [TEST_STEP][PASSED] - delay(4): Delayed 4 second(s)

2019-04-16 14:55:43 - [MESSAGE][PASSED] - Delayed 4 second(s)

2019-04-16 14:55:43 - [TEST_STEP][PASSED] - waitForElementClickable(findTestObject("TC04-AccountMatching-MGA/CheckBox"), 5): Object 'Object Repository/TC04-AccountMatching-MGA/CheckBox' is clickable

2019-04-16 14:55:43 - [MESSAGE][PASSED] - Object 'Object Repository/TC04-AccountMatching-MGA/CheckBox' is clickable

2019-04-16 14:55:43 - [TEST_STEP][PASSED] - click(findTestObject("TC04-AccountMatching-MGA/CheckBox")): Object: 'Object Repository/TC04-AccountMatching-MGA/CheckBox' is clicked on

2019-04-16 14:55:43 - [MESSAGE][PASSED] - Object: 'Object Repository/TC04-AccountMatching-MGA/CheckBox' is clicked on

2019-04-16 14:55:43 - [TEST_STEP][PASSED] - delay(4): Delayed 4 second(s)

2019-04-16 14:55:47 - [MESSAGE][PASSED] - Delayed 4 second(s)

2019-04-16 14:55:47 - [TEST_STEP][PASSED] - MGA_Comission_Amount = getText(findTestObject("TC04-AccountMatching-MGA/MGA_Amount")): Text of object 'Object Repository/TC04-AccountMatching-MGA/MGA_Amount' is: 'USD 90.00'

2019-04-16 14:55:47 - [MESSAGE][PASSED] - Text of object 'Object Repository/TC04-AccountMatching-MGA/MGA_Amount' is: 'USD 90.00'

2019-04-16 14:55:47 - [TEST_STEP][PASSED] - scrollToElement(findTestObject("TC04-AccountMatching-MGA/PAYFULL"), 5): Scroll to object 'Object Repository/TC04-AccountMatching-MGA/PAYFULL' successfully

2019-04-16 14:55:47 - [MESSAGE][PASSED] - Scroll to object 'Object Repository/TC04-AccountMatching-MGA/PAYFULL' successfully

2019-04-16 14:55:47 - [TEST_STEP][PASSED] - setText(findTestObject("TC04-AccountMatching-MGA/PAYFULL"), MGA_Comission_Amount): Text 'USD 90.00' is set on object 'Object Repository/TC04-AccountMatching-MGA/PAYFULL'

2019-04-16 14:55:47 - [MESSAGE][PASSED] - Text 'USD 90.00' is set on object 'Object Repository/TC04-AccountMatching-MGA/PAYFULL'

2019-04-16 14:55:47 - [TEST_STEP][PASSED] - click(findTestObject("TC04-AccountMatching-MGA/MatchAmount")): Object: 'Object Repository/TC04-AccountMatching-MGA/MatchAmount' is clicked on

2019-04-16 14:55:47 - [MESSAGE][PASSED] - Object: 'Object Repository/TC04-AccountMatching-MGA/MatchAmount' is clicked on

2019-04-16 14:55:47 - [TEST_STEP][PASSED] - delay(5): Delayed 5 second(s)

2019-04-16 14:55:52 - [MESSAGE][PASSED] - Delayed 5 second(s)

2019-04-16 14:55:52 - [TEST_STEP][PASSED] - log.logInfo(MGA_Comission_Amount): USD 90.00

2019-04-16 14:55:52 - [MESSAGE][INFO] - USD 90.00]]></system-out>
         <system-err><![CDATA[]]></system-err>
      </testcase>
      <testcase name="Test Cases/TC07-AccountMatching-Broker" classname="Test Cases/TC07-AccountMatching-Broker" status="PASSED">
         <system-out><![CDATA[2019-04-16 14:55:52 - [TEST_CASE][PASSED] - Test Cases/TC07-AccountMatching-Broker: Test Cases/TC07-AccountMatching-Broker

2019-04-16 14:55:52 - [TEST_STEP][PASSED] - log = new com.kms.katalon.core.logging.KeywordLogger(): null

2019-04-16 14:55:52 - [TEST_STEP][PASSED] - delay(3): Delayed 3 second(s)

2019-04-16 14:55:55 - [MESSAGE][PASSED] - Delayed 3 second(s)

2019-04-16 14:55:55 - [TEST_STEP][PASSED] - scrollToElement(findTestObject("TC04-AccountMatching-MGA/AccountManagement"), 5): Scroll to object 'Object Repository/TC04-AccountMatching-MGA/AccountManagement' successfully

2019-04-16 14:55:56 - [MESSAGE][PASSED] - Scroll to object 'Object Repository/TC04-AccountMatching-MGA/AccountManagement' successfully

2019-04-16 14:55:56 - [TEST_STEP][PASSED] - click(findTestObject("TC04-AccountMatching-MGA/AccountManagement")): Object: 'Object Repository/TC04-AccountMatching-MGA/AccountManagement' is clicked on

2019-04-16 14:55:56 - [MESSAGE][PASSED] - Object: 'Object Repository/TC04-AccountMatching-MGA/AccountManagement' is clicked on

2019-04-16 14:55:56 - [TEST_STEP][NOT_RUN] - delay(5): NOT_RUN: delay(5)

2019-04-16 14:55:56 - [MESSAGE][NOT_RUN] - NOT_RUN: delay(5)

2019-04-16 14:55:56 - [TEST_STEP][PASSED] - waitForElementVisible(findTestObject("TC04-AccountMatching-MGA/AccountMatchingLink"), 4): Object 'Object Repository/TC04-AccountMatching-MGA/AccountMatchingLink' is visible

2019-04-16 14:55:56 - [MESSAGE][PASSED] - Object 'Object Repository/TC04-AccountMatching-MGA/AccountMatchingLink' is visible

2019-04-16 14:55:56 - [TEST_STEP][PASSED] - click(findTestObject("TC04-AccountMatching-MGA/AccountMatchingLink")): Object: 'Object Repository/TC04-AccountMatching-MGA/AccountMatchingLink' is clicked on

2019-04-16 14:55:57 - [MESSAGE][PASSED] - Object: 'Object Repository/TC04-AccountMatching-MGA/AccountMatchingLink' is clicked on

2019-04-16 14:55:57 - [TEST_STEP][PASSED] - delay(5): Delayed 5 second(s)

2019-04-16 14:56:02 - [MESSAGE][PASSED] - Delayed 5 second(s)

2019-04-16 14:56:02 - [TEST_STEP][PASSED] - delay(5): Delayed 5 second(s)

2019-04-16 14:56:07 - [MESSAGE][PASSED] - Delayed 5 second(s)

2019-04-16 14:56:07 - [TEST_STEP][PASSED] - selectOptionByLabel(findTestObject("TC04-AccountMatching-MGA/EntityType"), "Broker", false): All options with label 'Broker' are selected in object 'Object Repository/TC04-AccountMatching-MGA/EntityType' 

2019-04-16 14:56:07 - [MESSAGE][PASSED] - All options with label 'Broker' are selected in object 'Object Repository/TC04-AccountMatching-MGA/EntityType' 

2019-04-16 14:56:07 - [TEST_STEP][PASSED] - delay(5): Delayed 5 second(s)

2019-04-16 14:56:12 - [MESSAGE][PASSED] - Delayed 5 second(s)

2019-04-16 14:56:12 - [TEST_STEP][PASSED] - selectOptionByLabel(findTestObject("TC04-AccountMatching-MGA/Entity"), "New Broker", false): All options with label 'New Broker' are selected in object 'Object Repository/TC04-AccountMatching-MGA/Entity' 

2019-04-16 14:56:12 - [MESSAGE][PASSED] - All options with label 'New Broker' are selected in object 'Object Repository/TC04-AccountMatching-MGA/Entity' 

2019-04-16 14:56:12 - [TEST_STEP][PASSED] - waitForElementClickable(findTestObject("TC04-AccountMatching-MGA/ClickGoButton"), 5): Object 'Object Repository/TC04-AccountMatching-MGA/ClickGoButton' is clickable

2019-04-16 14:56:12 - [MESSAGE][PASSED] - Object 'Object Repository/TC04-AccountMatching-MGA/ClickGoButton' is clickable

2019-04-16 14:56:12 - [TEST_STEP][PASSED] - click(findTestObject("TC04-AccountMatching-MGA/ClickGoButton")): Object: 'Object Repository/TC04-AccountMatching-MGA/ClickGoButton' is clicked on

2019-04-16 14:56:14 - [MESSAGE][PASSED] - Object: 'Object Repository/TC04-AccountMatching-MGA/ClickGoButton' is clicked on

2019-04-16 14:56:14 - [TEST_STEP][PASSED] - waitForJQueryLoad(5): jQuery is ready.

2019-04-16 14:56:14 - [MESSAGE][PASSED] - jQuery is ready.

2019-04-16 14:56:14 - [TEST_STEP][PASSED] - selectOptionByLabel(findTestObject("TC04-AccountMatching-MGA/SelectAccount"), "COMMSION ACCOUNT -- Allocated -- DEFAULT-300013-USD -- USD", false): All options with label 'COMMSION ACCOUNT -- Allocated -- DEFAULT-300013-USD -- USD' are selected in object 'Object Repository/TC04-AccountMatching-MGA/SelectAccount' 

2019-04-16 14:56:14 - [MESSAGE][PASSED] - All options with label 'COMMSION ACCOUNT -- Allocated -- DEFAULT-300013-USD -- USD' are selected in object 'Object Repository/TC04-AccountMatching-MGA/SelectAccount' 

2019-04-16 14:56:14 - [TEST_STEP][PASSED] - delay(5): Delayed 5 second(s)

2019-04-16 14:56:19 - [MESSAGE][PASSED] - Delayed 5 second(s)

2019-04-16 14:56:19 - [TEST_STEP][PASSED] - setText(findTestObject("TC04-AccountMatching-MGA/Acc_Matching_PolicyNo_TextBox"), MTA_Policy_No): Text 'DASD/POLICY/002875' is set on object 'Object Repository/TC04-AccountMatching-MGA/Acc_Matching_PolicyNo_TextBox'

2019-04-16 14:56:20 - [MESSAGE][PASSED] - Text 'DASD/POLICY/002875' is set on object 'Object Repository/TC04-AccountMatching-MGA/Acc_Matching_PolicyNo_TextBox'

2019-04-16 14:56:20 - [TEST_STEP][PASSED] - sendKeys(findTestObject("TC04-AccountMatching-MGA/Acc_Matching_PolicyNo_TextBox"), Keys.chord(ENTER)): Keys 'ENTER + ' sent to object: 'Object Repository/TC04-AccountMatching-MGA/Acc_Matching_PolicyNo_TextBox'

2019-04-16 14:56:20 - [MESSAGE][PASSED] - Keys 'ENTER + ' sent to object: 'Object Repository/TC04-AccountMatching-MGA/Acc_Matching_PolicyNo_TextBox'

2019-04-16 14:56:20 - [TEST_STEP][PASSED] - delay(4): Delayed 4 second(s)

2019-04-16 14:56:24 - [MESSAGE][PASSED] - Delayed 4 second(s)

2019-04-16 14:56:24 - [TEST_STEP][PASSED] - waitForElementClickable(findTestObject("TC04-AccountMatching-MGA/CheckBox"), 5): Object 'Object Repository/TC04-AccountMatching-MGA/CheckBox' is clickable

2019-04-16 14:56:24 - [MESSAGE][PASSED] - Object 'Object Repository/TC04-AccountMatching-MGA/CheckBox' is clickable

2019-04-16 14:56:24 - [TEST_STEP][PASSED] - click(findTestObject("TC04-AccountMatching-MGA/CheckBox")): Object: 'Object Repository/TC04-AccountMatching-MGA/CheckBox' is clicked on

2019-04-16 14:56:24 - [MESSAGE][PASSED] - Object: 'Object Repository/TC04-AccountMatching-MGA/CheckBox' is clicked on

2019-04-16 14:56:24 - [TEST_STEP][PASSED] - delay(4): Delayed 4 second(s)

2019-04-16 14:56:28 - [MESSAGE][PASSED] - Delayed 4 second(s)

2019-04-16 14:56:28 - [TEST_STEP][PASSED] - MGA_Comission_Amount = getText(findTestObject("TC04-AccountMatching-MGA/MGA_Amount")): Text of object 'Object Repository/TC04-AccountMatching-MGA/MGA_Amount' is: 'USD 90.00'

2019-04-16 14:56:28 - [MESSAGE][PASSED] - Text of object 'Object Repository/TC04-AccountMatching-MGA/MGA_Amount' is: 'USD 90.00'

2019-04-16 14:56:28 - [TEST_STEP][PASSED] - scrollToElement(findTestObject("TC04-AccountMatching-MGA/PAYFULL"), 5): Scroll to object 'Object Repository/TC04-AccountMatching-MGA/PAYFULL' successfully

2019-04-16 14:56:28 - [MESSAGE][PASSED] - Scroll to object 'Object Repository/TC04-AccountMatching-MGA/PAYFULL' successfully

2019-04-16 14:56:28 - [TEST_STEP][PASSED] - setText(findTestObject("TC04-AccountMatching-MGA/PAYFULL"), MGA_Comission_Amount): Text 'USD 90.00' is set on object 'Object Repository/TC04-AccountMatching-MGA/PAYFULL'

2019-04-16 14:56:28 - [MESSAGE][PASSED] - Text 'USD 90.00' is set on object 'Object Repository/TC04-AccountMatching-MGA/PAYFULL'

2019-04-16 14:56:28 - [TEST_STEP][PASSED] - click(findTestObject("TC04-AccountMatching-MGA/MatchAmount")): Object: 'Object Repository/TC04-AccountMatching-MGA/MatchAmount' is clicked on

2019-04-16 14:56:28 - [MESSAGE][PASSED] - Object: 'Object Repository/TC04-AccountMatching-MGA/MatchAmount' is clicked on

2019-04-16 14:56:28 - [TEST_STEP][PASSED] - delay(5): Delayed 5 second(s)

2019-04-16 14:56:33 - [MESSAGE][PASSED] - Delayed 5 second(s)

2019-04-16 14:56:33 - [TEST_STEP][PASSED] - log.logInfo(MGA_Comission_Amount): USD 90.00

2019-04-16 14:56:33 - [MESSAGE][INFO] - USD 90.00]]></system-out>
         <system-err><![CDATA[]]></system-err>
      </testcase>
      <testcase name="Test Cases/TC07-AccountMatching-Broker" classname="Test Cases/TC07-AccountMatching-Broker" status="PASSED">
         <system-out><![CDATA[2019-04-16 14:56:33 - [TEST_CASE][PASSED] - Test Cases/TC07-AccountMatching-Broker: Test Cases/TC07-AccountMatching-Broker

2019-04-16 14:56:33 - [TEST_STEP][PASSED] - log = new com.kms.katalon.core.logging.KeywordLogger(): null

2019-04-16 14:56:33 - [TEST_STEP][PASSED] - delay(3): Delayed 3 second(s)

2019-04-16 14:56:36 - [MESSAGE][PASSED] - Delayed 3 second(s)

2019-04-16 14:56:36 - [TEST_STEP][PASSED] - scrollToElement(findTestObject("TC04-AccountMatching-MGA/AccountManagement"), 5): Scroll to object 'Object Repository/TC04-AccountMatching-MGA/AccountManagement' successfully

2019-04-16 14:56:36 - [MESSAGE][PASSED] - Scroll to object 'Object Repository/TC04-AccountMatching-MGA/AccountManagement' successfully

2019-04-16 14:56:36 - [TEST_STEP][PASSED] - click(findTestObject("TC04-AccountMatching-MGA/AccountManagement")): Object: 'Object Repository/TC04-AccountMatching-MGA/AccountManagement' is clicked on

2019-04-16 14:56:36 - [MESSAGE][PASSED] - Object: 'Object Repository/TC04-AccountMatching-MGA/AccountManagement' is clicked on

2019-04-16 14:56:36 - [TEST_STEP][NOT_RUN] - delay(5): NOT_RUN: delay(5)

2019-04-16 14:56:36 - [MESSAGE][NOT_RUN] - NOT_RUN: delay(5)

2019-04-16 14:56:36 - [TEST_STEP][PASSED] - waitForElementVisible(findTestObject("TC04-AccountMatching-MGA/AccountMatchingLink"), 4): Object 'Object Repository/TC04-AccountMatching-MGA/AccountMatchingLink' is visible

2019-04-16 14:56:36 - [MESSAGE][PASSED] - Object 'Object Repository/TC04-AccountMatching-MGA/AccountMatchingLink' is visible

2019-04-16 14:56:36 - [TEST_STEP][PASSED] - click(findTestObject("TC04-AccountMatching-MGA/AccountMatchingLink")): Object: 'Object Repository/TC04-AccountMatching-MGA/AccountMatchingLink' is clicked on

2019-04-16 14:56:38 - [MESSAGE][PASSED] - Object: 'Object Repository/TC04-AccountMatching-MGA/AccountMatchingLink' is clicked on

2019-04-16 14:56:38 - [TEST_STEP][PASSED] - delay(5): Delayed 5 second(s)

2019-04-16 14:56:43 - [MESSAGE][PASSED] - Delayed 5 second(s)

2019-04-16 14:56:43 - [TEST_STEP][PASSED] - delay(5): Delayed 5 second(s)

2019-04-16 14:56:48 - [MESSAGE][PASSED] - Delayed 5 second(s)

2019-04-16 14:56:48 - [TEST_STEP][PASSED] - selectOptionByLabel(findTestObject("TC04-AccountMatching-MGA/EntityType"), "Broker", false): All options with label 'Broker' are selected in object 'Object Repository/TC04-AccountMatching-MGA/EntityType' 

2019-04-16 14:56:48 - [MESSAGE][PASSED] - All options with label 'Broker' are selected in object 'Object Repository/TC04-AccountMatching-MGA/EntityType' 

2019-04-16 14:56:48 - [TEST_STEP][PASSED] - delay(5): Delayed 5 second(s)

2019-04-16 14:56:53 - [MESSAGE][PASSED] - Delayed 5 second(s)

2019-04-16 14:56:53 - [TEST_STEP][PASSED] - selectOptionByLabel(findTestObject("TC04-AccountMatching-MGA/Entity"), "New Broker", false): All options with label 'New Broker' are selected in object 'Object Repository/TC04-AccountMatching-MGA/Entity' 

2019-04-16 14:56:53 - [MESSAGE][PASSED] - All options with label 'New Broker' are selected in object 'Object Repository/TC04-AccountMatching-MGA/Entity' 

2019-04-16 14:56:53 - [TEST_STEP][PASSED] - waitForElementClickable(findTestObject("TC04-AccountMatching-MGA/ClickGoButton"), 5): Object 'Object Repository/TC04-AccountMatching-MGA/ClickGoButton' is clickable

2019-04-16 14:56:53 - [MESSAGE][PASSED] - Object 'Object Repository/TC04-AccountMatching-MGA/ClickGoButton' is clickable

2019-04-16 14:56:53 - [TEST_STEP][PASSED] - click(findTestObject("TC04-AccountMatching-MGA/ClickGoButton")): Object: 'Object Repository/TC04-AccountMatching-MGA/ClickGoButton' is clicked on

2019-04-16 14:56:54 - [MESSAGE][PASSED] - Object: 'Object Repository/TC04-AccountMatching-MGA/ClickGoButton' is clicked on

2019-04-16 14:56:54 - [TEST_STEP][PASSED] - waitForJQueryLoad(5): jQuery is ready.

2019-04-16 14:56:55 - [MESSAGE][PASSED] - jQuery is ready.

2019-04-16 14:56:55 - [TEST_STEP][PASSED] - selectOptionByLabel(findTestObject("TC04-AccountMatching-MGA/SelectAccount"), "COMMSION ACCOUNT -- Allocated -- DEFAULT-300013-USD -- USD", false): All options with label 'COMMSION ACCOUNT -- Allocated -- DEFAULT-300013-USD -- USD' are selected in object 'Object Repository/TC04-AccountMatching-MGA/SelectAccount' 

2019-04-16 14:56:55 - [MESSAGE][PASSED] - All options with label 'COMMSION ACCOUNT -- Allocated -- DEFAULT-300013-USD -- USD' are selected in object 'Object Repository/TC04-AccountMatching-MGA/SelectAccount' 

2019-04-16 14:56:55 - [TEST_STEP][PASSED] - delay(5): Delayed 5 second(s)

2019-04-16 14:57:00 - [MESSAGE][PASSED] - Delayed 5 second(s)

2019-04-16 14:57:00 - [TEST_STEP][PASSED] - setText(findTestObject("TC04-AccountMatching-MGA/Acc_Matching_PolicyNo_TextBox"), MTA_Policy_No): Text '' is set on object 'Object Repository/TC04-AccountMatching-MGA/Acc_Matching_PolicyNo_TextBox'

2019-04-16 14:57:00 - [MESSAGE][PASSED] - Text '' is set on object 'Object Repository/TC04-AccountMatching-MGA/Acc_Matching_PolicyNo_TextBox'

2019-04-16 14:57:00 - [TEST_STEP][PASSED] - sendKeys(findTestObject("TC04-AccountMatching-MGA/Acc_Matching_PolicyNo_TextBox"), Keys.chord(ENTER)): Keys 'ENTER + ' sent to object: 'Object Repository/TC04-AccountMatching-MGA/Acc_Matching_PolicyNo_TextBox'

2019-04-16 14:57:00 - [MESSAGE][PASSED] - Keys 'ENTER + ' sent to object: 'Object Repository/TC04-AccountMatching-MGA/Acc_Matching_PolicyNo_TextBox'

2019-04-16 14:57:00 - [TEST_STEP][PASSED] - delay(4): Delayed 4 second(s)

2019-04-16 14:57:04 - [MESSAGE][PASSED] - Delayed 4 second(s)

2019-04-16 14:57:04 - [TEST_STEP][PASSED] - waitForElementClickable(findTestObject("TC04-AccountMatching-MGA/CheckBox"), 5): Object 'Object Repository/TC04-AccountMatching-MGA/CheckBox' is clickable

2019-04-16 14:57:04 - [MESSAGE][PASSED] - Object 'Object Repository/TC04-AccountMatching-MGA/CheckBox' is clickable

2019-04-16 14:57:04 - [TEST_STEP][PASSED] - click(findTestObject("TC04-AccountMatching-MGA/CheckBox")): Object: 'Object Repository/TC04-AccountMatching-MGA/CheckBox' is clicked on

2019-04-16 14:57:04 - [MESSAGE][PASSED] - Object: 'Object Repository/TC04-AccountMatching-MGA/CheckBox' is clicked on

2019-04-16 14:57:04 - [TEST_STEP][PASSED] - delay(4): Delayed 4 second(s)

2019-04-16 14:57:08 - [MESSAGE][PASSED] - Delayed 4 second(s)

2019-04-16 14:57:08 - [TEST_STEP][PASSED] - MGA_Comission_Amount = getText(findTestObject("TC04-AccountMatching-MGA/MGA_Amount")): Text of object 'Object Repository/TC04-AccountMatching-MGA/MGA_Amount' is: 'USD 90.00'

2019-04-16 14:57:08 - [MESSAGE][PASSED] - Text of object 'Object Repository/TC04-AccountMatching-MGA/MGA_Amount' is: 'USD 90.00'

2019-04-16 14:57:08 - [TEST_STEP][PASSED] - scrollToElement(findTestObject("TC04-AccountMatching-MGA/PAYFULL"), 5): Scroll to object 'Object Repository/TC04-AccountMatching-MGA/PAYFULL' successfully

2019-04-16 14:57:08 - [MESSAGE][PASSED] - Scroll to object 'Object Repository/TC04-AccountMatching-MGA/PAYFULL' successfully

2019-04-16 14:57:08 - [TEST_STEP][PASSED] - setText(findTestObject("TC04-AccountMatching-MGA/PAYFULL"), MGA_Comission_Amount): Text 'USD 90.00' is set on object 'Object Repository/TC04-AccountMatching-MGA/PAYFULL'

2019-04-16 14:57:09 - [MESSAGE][PASSED] - Text 'USD 90.00' is set on object 'Object Repository/TC04-AccountMatching-MGA/PAYFULL'

2019-04-16 14:57:09 - [TEST_STEP][PASSED] - click(findTestObject("TC04-AccountMatching-MGA/MatchAmount")): Object: 'Object Repository/TC04-AccountMatching-MGA/MatchAmount' is clicked on

2019-04-16 14:57:09 - [MESSAGE][PASSED] - Object: 'Object Repository/TC04-AccountMatching-MGA/MatchAmount' is clicked on

2019-04-16 14:57:09 - [TEST_STEP][PASSED] - delay(5): Delayed 5 second(s)

2019-04-16 14:57:14 - [MESSAGE][PASSED] - Delayed 5 second(s)

2019-04-16 14:57:14 - [TEST_STEP][PASSED] - log.logInfo(MGA_Comission_Amount): USD 90.00

2019-04-16 14:57:14 - [MESSAGE][INFO] - USD 90.00]]></system-out>
         <system-err><![CDATA[]]></system-err>
      </testcase>
      <testcase name="Test Cases/TC07-AccountMatching-Broker" classname="Test Cases/TC07-AccountMatching-Broker" status="PASSED">
         <system-out><![CDATA[2019-04-16 14:57:14 - [TEST_CASE][PASSED] - Test Cases/TC07-AccountMatching-Broker: Test Cases/TC07-AccountMatching-Broker

2019-04-16 14:57:14 - [TEST_STEP][PASSED] - log = new com.kms.katalon.core.logging.KeywordLogger(): null

2019-04-16 14:57:14 - [TEST_STEP][PASSED] - delay(3): Delayed 3 second(s)

2019-04-16 14:57:17 - [MESSAGE][PASSED] - Delayed 3 second(s)

2019-04-16 14:57:17 - [TEST_STEP][PASSED] - scrollToElement(findTestObject("TC04-AccountMatching-MGA/AccountManagement"), 5): Scroll to object 'Object Repository/TC04-AccountMatching-MGA/AccountManagement' successfully

2019-04-16 14:57:17 - [MESSAGE][PASSED] - Scroll to object 'Object Repository/TC04-AccountMatching-MGA/AccountManagement' successfully

2019-04-16 14:57:17 - [TEST_STEP][PASSED] - click(findTestObject("TC04-AccountMatching-MGA/AccountManagement")): Object: 'Object Repository/TC04-AccountMatching-MGA/AccountManagement' is clicked on

2019-04-16 14:57:17 - [MESSAGE][PASSED] - Object: 'Object Repository/TC04-AccountMatching-MGA/AccountManagement' is clicked on

2019-04-16 14:57:17 - [TEST_STEP][NOT_RUN] - delay(5): NOT_RUN: delay(5)

2019-04-16 14:57:17 - [MESSAGE][NOT_RUN] - NOT_RUN: delay(5)

2019-04-16 14:57:17 - [TEST_STEP][PASSED] - waitForElementVisible(findTestObject("TC04-AccountMatching-MGA/AccountMatchingLink"), 4): Object 'Object Repository/TC04-AccountMatching-MGA/AccountMatchingLink' is visible

2019-04-16 14:57:17 - [MESSAGE][PASSED] - Object 'Object Repository/TC04-AccountMatching-MGA/AccountMatchingLink' is visible

2019-04-16 14:57:17 - [TEST_STEP][PASSED] - click(findTestObject("TC04-AccountMatching-MGA/AccountMatchingLink")): Object: 'Object Repository/TC04-AccountMatching-MGA/AccountMatchingLink' is clicked on

2019-04-16 14:57:18 - [MESSAGE][PASSED] - Object: 'Object Repository/TC04-AccountMatching-MGA/AccountMatchingLink' is clicked on

2019-04-16 14:57:18 - [TEST_STEP][PASSED] - delay(5): Delayed 5 second(s)

2019-04-16 14:57:23 - [MESSAGE][PASSED] - Delayed 5 second(s)

2019-04-16 14:57:23 - [TEST_STEP][PASSED] - delay(5): Delayed 5 second(s)

2019-04-16 14:57:28 - [MESSAGE][PASSED] - Delayed 5 second(s)

2019-04-16 14:57:28 - [TEST_STEP][PASSED] - selectOptionByLabel(findTestObject("TC04-AccountMatching-MGA/EntityType"), "Broker", false): All options with label 'Broker' are selected in object 'Object Repository/TC04-AccountMatching-MGA/EntityType' 

2019-04-16 14:57:28 - [MESSAGE][PASSED] - All options with label 'Broker' are selected in object 'Object Repository/TC04-AccountMatching-MGA/EntityType' 

2019-04-16 14:57:28 - [TEST_STEP][PASSED] - delay(5): Delayed 5 second(s)

2019-04-16 14:57:33 - [MESSAGE][PASSED] - Delayed 5 second(s)

2019-04-16 14:57:33 - [TEST_STEP][PASSED] - selectOptionByLabel(findTestObject("TC04-AccountMatching-MGA/Entity"), "New Broker", false): All options with label 'New Broker' are selected in object 'Object Repository/TC04-AccountMatching-MGA/Entity' 

2019-04-16 14:57:33 - [MESSAGE][PASSED] - All options with label 'New Broker' are selected in object 'Object Repository/TC04-AccountMatching-MGA/Entity' 

2019-04-16 14:57:33 - [TEST_STEP][PASSED] - waitForElementClickable(findTestObject("TC04-AccountMatching-MGA/ClickGoButton"), 5): Object 'Object Repository/TC04-AccountMatching-MGA/ClickGoButton' is clickable

2019-04-16 14:57:33 - [MESSAGE][PASSED] - Object 'Object Repository/TC04-AccountMatching-MGA/ClickGoButton' is clickable

2019-04-16 14:57:33 - [TEST_STEP][PASSED] - click(findTestObject("TC04-AccountMatching-MGA/ClickGoButton")): Object: 'Object Repository/TC04-AccountMatching-MGA/ClickGoButton' is clicked on

2019-04-16 14:57:35 - [MESSAGE][PASSED] - Object: 'Object Repository/TC04-AccountMatching-MGA/ClickGoButton' is clicked on

2019-04-16 14:57:35 - [TEST_STEP][PASSED] - waitForJQueryLoad(5): jQuery is ready.

2019-04-16 14:57:36 - [MESSAGE][PASSED] - jQuery is ready.

2019-04-16 14:57:36 - [TEST_STEP][PASSED] - selectOptionByLabel(findTestObject("TC04-AccountMatching-MGA/SelectAccount"), "COMMSION ACCOUNT -- Allocated -- DEFAULT-300013-USD -- USD", false): All options with label 'COMMSION ACCOUNT -- Allocated -- DEFAULT-300013-USD -- USD' are selected in object 'Object Repository/TC04-AccountMatching-MGA/SelectAccount' 

2019-04-16 14:57:36 - [MESSAGE][PASSED] - All options with label 'COMMSION ACCOUNT -- Allocated -- DEFAULT-300013-USD -- USD' are selected in object 'Object Repository/TC04-AccountMatching-MGA/SelectAccount' 

2019-04-16 14:57:36 - [TEST_STEP][PASSED] - delay(5): Delayed 5 second(s)

2019-04-16 14:57:41 - [MESSAGE][PASSED] - Delayed 5 second(s)

2019-04-16 14:57:41 - [TEST_STEP][PASSED] - setText(findTestObject("TC04-AccountMatching-MGA/Acc_Matching_PolicyNo_TextBox"), MTA_Policy_No): Text '' is set on object 'Object Repository/TC04-AccountMatching-MGA/Acc_Matching_PolicyNo_TextBox'

2019-04-16 14:57:41 - [MESSAGE][PASSED] - Text '' is set on object 'Object Repository/TC04-AccountMatching-MGA/Acc_Matching_PolicyNo_TextBox'

2019-04-16 14:57:41 - [TEST_STEP][PASSED] - sendKeys(findTestObject("TC04-AccountMatching-MGA/Acc_Matching_PolicyNo_TextBox"), Keys.chord(ENTER)): Keys 'ENTER + ' sent to object: 'Object Repository/TC04-AccountMatching-MGA/Acc_Matching_PolicyNo_TextBox'

2019-04-16 14:57:41 - [MESSAGE][PASSED] - Keys 'ENTER + ' sent to object: 'Object Repository/TC04-AccountMatching-MGA/Acc_Matching_PolicyNo_TextBox'

2019-04-16 14:57:41 - [TEST_STEP][PASSED] - delay(4): Delayed 4 second(s)

2019-04-16 14:57:45 - [MESSAGE][PASSED] - Delayed 4 second(s)

2019-04-16 14:57:45 - [TEST_STEP][PASSED] - waitForElementClickable(findTestObject("TC04-AccountMatching-MGA/CheckBox"), 5): Object 'Object Repository/TC04-AccountMatching-MGA/CheckBox' is clickable

2019-04-16 14:57:45 - [MESSAGE][PASSED] - Object 'Object Repository/TC04-AccountMatching-MGA/CheckBox' is clickable

2019-04-16 14:57:45 - [TEST_STEP][PASSED] - click(findTestObject("TC04-AccountMatching-MGA/CheckBox")): Object: 'Object Repository/TC04-AccountMatching-MGA/CheckBox' is clicked on

2019-04-16 14:57:45 - [MESSAGE][PASSED] - Object: 'Object Repository/TC04-AccountMatching-MGA/CheckBox' is clicked on

2019-04-16 14:57:45 - [TEST_STEP][PASSED] - delay(4): Delayed 4 second(s)

2019-04-16 14:57:49 - [MESSAGE][PASSED] - Delayed 4 second(s)

2019-04-16 14:57:49 - [TEST_STEP][PASSED] - MGA_Comission_Amount = getText(findTestObject("TC04-AccountMatching-MGA/MGA_Amount")): Text of object 'Object Repository/TC04-AccountMatching-MGA/MGA_Amount' is: 'USD 90.00'

2019-04-16 14:57:49 - [MESSAGE][PASSED] - Text of object 'Object Repository/TC04-AccountMatching-MGA/MGA_Amount' is: 'USD 90.00'

2019-04-16 14:57:49 - [TEST_STEP][PASSED] - scrollToElement(findTestObject("TC04-AccountMatching-MGA/PAYFULL"), 5): Scroll to object 'Object Repository/TC04-AccountMatching-MGA/PAYFULL' successfully

2019-04-16 14:57:49 - [MESSAGE][PASSED] - Scroll to object 'Object Repository/TC04-AccountMatching-MGA/PAYFULL' successfully

2019-04-16 14:57:49 - [TEST_STEP][PASSED] - setText(findTestObject("TC04-AccountMatching-MGA/PAYFULL"), MGA_Comission_Amount): Text 'USD 90.00' is set on object 'Object Repository/TC04-AccountMatching-MGA/PAYFULL'

2019-04-16 14:57:49 - [MESSAGE][PASSED] - Text 'USD 90.00' is set on object 'Object Repository/TC04-AccountMatching-MGA/PAYFULL'

2019-04-16 14:57:49 - [TEST_STEP][PASSED] - click(findTestObject("TC04-AccountMatching-MGA/MatchAmount")): Object: 'Object Repository/TC04-AccountMatching-MGA/MatchAmount' is clicked on

2019-04-16 14:57:49 - [MESSAGE][PASSED] - Object: 'Object Repository/TC04-AccountMatching-MGA/MatchAmount' is clicked on

2019-04-16 14:57:49 - [TEST_STEP][PASSED] - delay(5): Delayed 5 second(s)

2019-04-16 14:57:54 - [MESSAGE][PASSED] - Delayed 5 second(s)

2019-04-16 14:57:54 - [TEST_STEP][PASSED] - log.logInfo(MGA_Comission_Amount): USD 90.00

2019-04-16 14:57:54 - [MESSAGE][INFO] - USD 90.00]]></system-out>
         <system-err><![CDATA[]]></system-err>
      </testcase>
      <testcase name="Test Cases/TC08-AccountMatching-Insurer" classname="Test Cases/TC08-AccountMatching-Insurer" status="PASSED">
         <system-out><![CDATA[2019-04-16 14:57:54 - [TEST_CASE][PASSED] - Test Cases/TC08-AccountMatching-Insurer: Test Cases/TC08-AccountMatching-Insurer

2019-04-16 14:57:55 - [TEST_STEP][PASSED] - log = new com.kms.katalon.core.logging.KeywordLogger(): null

2019-04-16 14:57:55 - [TEST_STEP][PASSED] - delay(3): Delayed 3 second(s)

2019-04-16 14:57:58 - [MESSAGE][PASSED] - Delayed 3 second(s)

2019-04-16 14:57:58 - [TEST_STEP][PASSED] - scrollToElement(findTestObject("TC04-AccountMatching-MGA/AccountManagement"), 5): Scroll to object 'Object Repository/TC04-AccountMatching-MGA/AccountManagement' successfully

2019-04-16 14:57:58 - [MESSAGE][PASSED] - Scroll to object 'Object Repository/TC04-AccountMatching-MGA/AccountManagement' successfully

2019-04-16 14:57:58 - [TEST_STEP][PASSED] - click(findTestObject("TC04-AccountMatching-MGA/AccountManagement")): Object: 'Object Repository/TC04-AccountMatching-MGA/AccountManagement' is clicked on

2019-04-16 14:57:58 - [MESSAGE][PASSED] - Object: 'Object Repository/TC04-AccountMatching-MGA/AccountManagement' is clicked on

2019-04-16 14:57:58 - [TEST_STEP][NOT_RUN] - delay(5): NOT_RUN: delay(5)

2019-04-16 14:57:58 - [MESSAGE][NOT_RUN] - NOT_RUN: delay(5)

2019-04-16 14:57:58 - [TEST_STEP][PASSED] - waitForElementVisible(findTestObject("TC04-AccountMatching-MGA/AccountMatchingLink"), 4): Object 'Object Repository/TC04-AccountMatching-MGA/AccountMatchingLink' is visible

2019-04-16 14:57:58 - [MESSAGE][PASSED] - Object 'Object Repository/TC04-AccountMatching-MGA/AccountMatchingLink' is visible

2019-04-16 14:57:58 - [TEST_STEP][PASSED] - click(findTestObject("TC04-AccountMatching-MGA/AccountMatchingLink")): Object: 'Object Repository/TC04-AccountMatching-MGA/AccountMatchingLink' is clicked on

2019-04-16 14:57:59 - [MESSAGE][PASSED] - Object: 'Object Repository/TC04-AccountMatching-MGA/AccountMatchingLink' is clicked on

2019-04-16 14:57:59 - [TEST_STEP][PASSED] - delay(5): Delayed 5 second(s)

2019-04-16 14:58:04 - [MESSAGE][PASSED] - Delayed 5 second(s)

2019-04-16 14:58:04 - [TEST_STEP][PASSED] - selectOptionByLabel(findTestObject("TC04-AccountMatching-MGA/EntityType"), "Insurer", false): All options with label 'Insurer' are selected in object 'Object Repository/TC04-AccountMatching-MGA/EntityType' 

2019-04-16 14:58:04 - [MESSAGE][PASSED] - All options with label 'Insurer' are selected in object 'Object Repository/TC04-AccountMatching-MGA/EntityType' 

2019-04-16 14:58:04 - [TEST_STEP][PASSED] - delay(5): Delayed 5 second(s)

2019-04-16 14:58:09 - [MESSAGE][PASSED] - Delayed 5 second(s)

2019-04-16 14:58:09 - [TEST_STEP][PASSED] - selectOptionByLabel(findTestObject("TC04-AccountMatching-MGA/Entity"), "New Insurer", false): All options with label 'New Insurer' are selected in object 'Object Repository/TC04-AccountMatching-MGA/Entity' 

2019-04-16 14:58:09 - [MESSAGE][PASSED] - All options with label 'New Insurer' are selected in object 'Object Repository/TC04-AccountMatching-MGA/Entity' 

2019-04-16 14:58:09 - [TEST_STEP][PASSED] - waitForElementClickable(findTestObject("TC04-AccountMatching-MGA/ClickGoButton"), 5): Object 'Object Repository/TC04-AccountMatching-MGA/ClickGoButton' is clickable

2019-04-16 14:58:09 - [MESSAGE][PASSED] - Object 'Object Repository/TC04-AccountMatching-MGA/ClickGoButton' is clickable

2019-04-16 14:58:09 - [TEST_STEP][PASSED] - click(findTestObject("TC04-AccountMatching-MGA/ClickGoButton")): Object: 'Object Repository/TC04-AccountMatching-MGA/ClickGoButton' is clicked on

2019-04-16 14:58:11 - [MESSAGE][PASSED] - Object: 'Object Repository/TC04-AccountMatching-MGA/ClickGoButton' is clicked on

2019-04-16 14:58:11 - [TEST_STEP][PASSED] - waitForJQueryLoad(5): jQuery is ready.

2019-04-16 14:58:11 - [MESSAGE][PASSED] - jQuery is ready.

2019-04-16 14:58:11 - [TEST_STEP][PASSED] - selectOptionByLabel(findTestObject("TC04-AccountMatching-MGA/SelectAccount"), "New Insurer Comission Account -- Allocated -- New Insurer-COM-ACC -- USD", false): All options with label 'New Insurer Comission Account -- Allocated -- New Insurer-COM-ACC -- USD' are selected in object 'Object Repository/TC04-AccountMatching-MGA/SelectAccount' 

2019-04-16 14:58:12 - [MESSAGE][PASSED] - All options with label 'New Insurer Comission Account -- Allocated -- New Insurer-COM-ACC -- USD' are selected in object 'Object Repository/TC04-AccountMatching-MGA/SelectAccount' 

2019-04-16 14:58:12 - [TEST_STEP][PASSED] - delay(5): Delayed 5 second(s)

2019-04-16 14:58:17 - [MESSAGE][PASSED] - Delayed 5 second(s)

2019-04-16 14:58:17 - [TEST_STEP][PASSED] - setText(findTestObject("TC04-AccountMatching-MGA/Acc_Matching_PolicyNo_TextBox"), MTA_Policy_No): Text 'DASD/POLICY/002873' is set on object 'Object Repository/TC04-AccountMatching-MGA/Acc_Matching_PolicyNo_TextBox'

2019-04-16 14:58:17 - [MESSAGE][PASSED] - Text 'DASD/POLICY/002873' is set on object 'Object Repository/TC04-AccountMatching-MGA/Acc_Matching_PolicyNo_TextBox'

2019-04-16 14:58:17 - [TEST_STEP][PASSED] - sendKeys(findTestObject("TC04-AccountMatching-MGA/Acc_Matching_PolicyNo_TextBox"), Keys.chord(ENTER)): Keys 'ENTER + ' sent to object: 'Object Repository/TC04-AccountMatching-MGA/Acc_Matching_PolicyNo_TextBox'

2019-04-16 14:58:17 - [MESSAGE][PASSED] - Keys 'ENTER + ' sent to object: 'Object Repository/TC04-AccountMatching-MGA/Acc_Matching_PolicyNo_TextBox'

2019-04-16 14:58:17 - [TEST_STEP][PASSED] - delay(5): Delayed 5 second(s)

2019-04-16 14:58:22 - [MESSAGE][PASSED] - Delayed 5 second(s)

2019-04-16 14:58:22 - [TEST_STEP][PASSED] - waitForElementClickable(findTestObject("TC04-AccountMatching-MGA/CheckBox"), 5): Object 'Object Repository/TC04-AccountMatching-MGA/CheckBox' is clickable

2019-04-16 14:58:22 - [MESSAGE][PASSED] - Object 'Object Repository/TC04-AccountMatching-MGA/CheckBox' is clickable

2019-04-16 14:58:22 - [TEST_STEP][PASSED] - click(findTestObject("TC04-AccountMatching-MGA/CheckBox")): Object: 'Object Repository/TC04-AccountMatching-MGA/CheckBox' is clicked on

2019-04-16 14:58:22 - [MESSAGE][PASSED] - Object: 'Object Repository/TC04-AccountMatching-MGA/CheckBox' is clicked on

2019-04-16 14:58:22 - [TEST_STEP][PASSED] - delay(4): Delayed 4 second(s)

2019-04-16 14:58:26 - [MESSAGE][PASSED] - Delayed 4 second(s)

2019-04-16 14:58:26 - [TEST_STEP][PASSED] - Insurer_Comission_Amount = getText(findTestObject("TC04-AccountMatching-MGA/MGA_Amount")): Text of object 'Object Repository/TC04-AccountMatching-MGA/MGA_Amount' is: 'USD 84.00'

2019-04-16 14:58:26 - [MESSAGE][PASSED] - Text of object 'Object Repository/TC04-AccountMatching-MGA/MGA_Amount' is: 'USD 84.00'

2019-04-16 14:58:26 - [TEST_STEP][PASSED] - scrollToElement(findTestObject("TC04-AccountMatching-MGA/PAYFULL"), 5): Scroll to object 'Object Repository/TC04-AccountMatching-MGA/PAYFULL' successfully

2019-04-16 14:58:26 - [MESSAGE][PASSED] - Scroll to object 'Object Repository/TC04-AccountMatching-MGA/PAYFULL' successfully

2019-04-16 14:58:26 - [TEST_STEP][PASSED] - setText(findTestObject("TC04-AccountMatching-MGA/PAYFULL"), Insurer_Comission_Amount): Text 'USD 84.00' is set on object 'Object Repository/TC04-AccountMatching-MGA/PAYFULL'

2019-04-16 14:58:26 - [MESSAGE][PASSED] - Text 'USD 84.00' is set on object 'Object Repository/TC04-AccountMatching-MGA/PAYFULL'

2019-04-16 14:58:26 - [TEST_STEP][PASSED] - click(findTestObject("TC04-AccountMatching-MGA/MatchAmount")): Object: 'Object Repository/TC04-AccountMatching-MGA/MatchAmount' is clicked on

2019-04-16 14:58:26 - [MESSAGE][PASSED] - Object: 'Object Repository/TC04-AccountMatching-MGA/MatchAmount' is clicked on

2019-04-16 14:58:26 - [TEST_STEP][PASSED] - delay(5): Delayed 5 second(s)

2019-04-16 14:58:31 - [MESSAGE][PASSED] - Delayed 5 second(s)

2019-04-16 14:58:31 - [TEST_STEP][PASSED] - com.excel.helper.InsurerComission.updateTheExcel("E:\MarkitCore\CoreApplication\Data Files\TestData\Comission.xlsx", "Sheet1", Insurer_Comission_Amount): com.excel.helper.InsurerComission.updateTheExcel is PASSED

2019-04-16 14:58:32 - [MESSAGE][PASSED] - com.excel.helper.InsurerComission.updateTheExcel is PASSED

2019-04-16 14:58:32 - [TEST_STEP][PASSED] - log.logInfo(Insurer_Comission_Amount): USD 84.00

2019-04-16 14:58:32 - [MESSAGE][INFO] - USD 84.00]]></system-out>
         <system-err><![CDATA[]]></system-err>
      </testcase>
      <testcase name="Test Cases/TC08-AccountMatching-Insurer" classname="Test Cases/TC08-AccountMatching-Insurer" status="PASSED">
         <system-out><![CDATA[2019-04-16 14:58:32 - [TEST_CASE][PASSED] - Test Cases/TC08-AccountMatching-Insurer: Test Cases/TC08-AccountMatching-Insurer

2019-04-16 14:58:32 - [TEST_STEP][PASSED] - log = new com.kms.katalon.core.logging.KeywordLogger(): null

2019-04-16 14:58:32 - [TEST_STEP][PASSED] - delay(3): Delayed 3 second(s)

2019-04-16 14:58:35 - [MESSAGE][PASSED] - Delayed 3 second(s)

2019-04-16 14:58:35 - [TEST_STEP][PASSED] - scrollToElement(findTestObject("TC04-AccountMatching-MGA/AccountManagement"), 5): Scroll to object 'Object Repository/TC04-AccountMatching-MGA/AccountManagement' successfully

2019-04-16 14:58:35 - [MESSAGE][PASSED] - Scroll to object 'Object Repository/TC04-AccountMatching-MGA/AccountManagement' successfully

2019-04-16 14:58:35 - [TEST_STEP][PASSED] - click(findTestObject("TC04-AccountMatching-MGA/AccountManagement")): Object: 'Object Repository/TC04-AccountMatching-MGA/AccountManagement' is clicked on

[...]

2019-04-16 14:58:55 - [TEST_STEP][PASSED] - delay(5): Delayed 5 second(s)

2019-04-16 14:59:00 - [MESSAGE][PASSED] - Delayed 5 second(s)

2019-04-16 14:59:00 - [TEST_STEP][PASSED] - waitForElementClickable(findTestObject("TC04-AccountMatching-MGA/CheckBox"), 5): Object 'Object Repository/TC04-AccountMatching-MGA/CheckBox' is clickable

2019-04-16 14:59:00 - [MESSAGE][PASSED] - Object 'Object Repository/TC04-AccountMatching-MGA/CheckBox' is clickable

2019-04-16 14:59:00 - [TEST_STEP][PASSED] - click(findTestObject("TC04-AccountMatching-MGA/CheckBox")): Object: 'Object Repository/TC04-AccountMatching-MGA/CheckBox' is clicked on

2019-04-16 14:59:00 - [MESSAGE][PASSED] - Object: 'Object Repository/TC04-AccountMatching-MGA/CheckBox' is clicked on

2019-04-16 14:59:00 - [TEST_STEP][PASSED] - delay(4): Delayed 4 second(s)

2019-04-16 14:59:04 - [MESSAGE][PASSED] - Delayed 4 second(s)

2019-04-16 14:59:04 - [TEST_STEP][PASSED] - Insurer_Comission_Amount = getText(findTestObject("TC04-AccountMatching-MGA/MGA_Amount")): Text of object 'Object Repository/TC04-AccountMatching-MGA/MGA_Amount' is: 'USD 84.00'

2019-04-16 14:59:04 - [MESSAGE][PASSED] - Text of object 'Object Repository/TC04-AccountMatching-MGA/MGA_Amount' is: 'USD 84.00'

2019-04-16 14:59:04 - [TEST_STEP][PASSED] - scrollToElement(findTestObject("TC04-AccountMatching-MGA/PAYFULL"), 5): Scroll to object 'Object Repository/TC04-AccountMatching-MGA/PAYFULL' successfully

2019-04-16 14:59:04 - [MESSAGE][PASSED] - Scroll to object 'Object Repository/TC04-AccountMatching-MGA/PAYFULL' successfully

2019-04-16 14:59:04 - [TEST_STEP][PASSED] - setText(findTestObject("TC04-AccountMatching-MGA/PAYFULL"), Insurer_Comission_Amount): Text 'USD 84.00' is set on object 'Object Repository/TC04-AccountMatching-MGA/PAYFULL'

2019-04-16 14:59:04 - [MESSAGE][PASSED] - Text 'USD 84.00' is set on object 'Object Repository/TC04-AccountMatching-MGA/PAYFULL'

2019-04-16 14:59:04 - [TEST_STEP][PASSED] - click(findTestObject("TC04-AccountMatching-MGA/MatchAmount")): Object: 'Object Repository/TC04-AccountMatching-MGA/MatchAmount' is clicked on

2019-04-16 14:59:04 - [MESSAGE][PASSED] - Object: 'Object Repository/TC04-AccountMatching-MGA/MatchAmount' is clicked on

2019-04-16 14:59:04 - [TEST_STEP][PASSED] - delay(5): Delayed 5 second(s)

2019-04-16 14:59:09 - [MESSAGE][PASSED] - Delayed 5 second(s)

2019-04-16 14:59:09 - [TEST_STEP][PASSED] - com.excel.helper.InsurerComission.updateTheExcel("E:\MarkitCore\CoreApplication\Data Files\TestData\Comission.xlsx", "Sheet1", Insurer_Comission_Amount): com.excel.helper.InsurerComission.updateTheExcel is PASSED

2019-04-16 14:59:09 - [MESSAGE][PASSED] - com.excel.helper.InsurerComission.updateTheExcel is PASSED

2019-04-16 14:59:09 - [TEST_STEP][PASSED] - log.logInfo(Insurer_Comission_Amount): USD 84.00

2019-04-16 14:59:09 - [MESSAGE][INFO] - USD 84.00]]></system-out>
         <system-err><![CDATA[]]></system-err>
      </testcase>
      <testcase name="Test Cases/TC08-AccountMatching-Insurer" classname="Test Cases/TC08-AccountMatching-Insurer" status="PASSED">
         <system-out><![CDATA[2019-04-16 14:59:09 - [TEST_CASE][PASSED] - Test Cases/TC08-AccountMatching-Insurer: Test Cases/TC08-AccountMatching-Insurer

2019-04-16 14:59:09 - [TEST_STEP][PASSED] - log = new com.kms.katalon.core.logging.KeywordLogger(): null

2019-04-16 14:59:09 - [TEST_STEP][PASSED] - delay(3): Delayed 3 second(s)

2019-04-16 14:59:12 - [MESSAGE][PASSED] - Delayed 3 second(s)

2019-04-16 14:59:12 - [TEST_STEP][PASSED] - scrollToElement(findTestObject("TC04-AccountMatching-MGA/AccountManagement"), 5): Scroll to object 'Object Repository/TC04-AccountMatching-MGA/AccountManagement' successfully

2019-04-16 14:59:12 - [MESSAGE][PASSED] - Scroll to object 'Object Repository/TC04-AccountMatching-MGA/AccountManagement' successfully

2019-04-16 14:59:12 - [TEST_STEP][PASSED] - click(findTestObject("TC04-AccountMatching-MGA/AccountManagement")): Object: 'Object Repository/TC04-AccountMatching-MGA/AccountManagement' is clicked on

2019-04-16 14:59:12 - [MESSAGE][PASSED] - Object: 'Object Repository/TC04-AccountMatching-MGA/AccountManagement' is clicked on

2019-04-16 14:59:12 - [TEST_STEP][NOT_RUN] - delay(5): NOT_RUN: delay(5)

2019-04-16 14:59:12 - [MESSAGE][NOT_RUN] - NOT_RUN: delay(5)

2019-04-16 14:59:12 - [TEST_STEP][PASSED] - waitForElementVisible(findTestObject("TC04-AccountMatching-MGA/AccountMatchingLink"), 4): Object 'Object Repository/TC04-AccountMatching-MGA/AccountMatchingLink' is visible

2019-04-16 14:59:12 - [MESSAGE][PASSED] - Object 'Object Repository/TC04-AccountMatching-MGA/AccountMatchingLink' is visible

2019-04-16 14:59:12 - [TEST_STEP][PASSED] - click(findTestObject("TC04-AccountMatching-MGA/AccountMatchingLink")): Object: 'Object Repository/TC04-AccountMatching-MGA/AccountMatchingLink' is clicked on

2019-04-16 14:59:14 - [MESSAGE][PASSED] - Object: 'Object Repository/TC04-AccountMatching-MGA/AccountMatchingLink' is clicked on

2019-04-16 14:59:14 - [TEST_STEP][PASSED] - delay(5): Delayed 5 second(s)

2019-04-16 14:59:19 - [MESSAGE][PASSED] - Delayed 5 second(s)

2019-04-16 14:59:19 - [TEST_STEP][PASSED] - selectOptionByLabel(findTestObject("TC04-AccountMatching-MGA/EntityType"), "Insurer", false): All options with label 'Insurer' are selected in object 'Object Repository/TC04-AccountMatching-MGA/EntityType' 

2019-04-16 14:59:19 - [MESSAGE][PASSED] - All options with label 'Insurer' are selected in object 'Object Repository/TC04-AccountMatching-MGA/EntityType' 

2019-04-16 14:59:19 - [TEST_STEP][PASSED] - delay(5): Delayed 5 second(s)

2019-04-16 14:59:24 - [MESSAGE][PASSED] - Delayed 5 second(s)

2019-04-16 14:59:24 - [TEST_STEP][PASSED] - selectOptionByLabel(findTestObject("TC04-AccountMatching-MGA/Entity"), "New Insurer", false): All options with label 'New Insurer' are selected in object 'Object Repository/TC04-AccountMatching-MGA/Entity' 

2019-04-16 14:59:24 - [MESSAGE][PASSED] - All options with label 'New Insurer' are selected in object 'Object Repository/TC04-AccountMatching-MGA/Entity' 

2019-04-16 14:59:24 - [TEST_STEP][PASSED] - waitForElementClickable(findTestObject("TC04-AccountMatching-MGA/ClickGoButton"), 5): Object 'Object Repository/TC04-AccountMatching-MGA/ClickGoButton' is clickable

2019-04-16 14:59:24 - [MESSAGE][PASSED] - Object 'Object Repository/TC04-AccountMatching-MGA/ClickGoButton' is clickable

2019-04-16 14:59:24 - [TEST_STEP][PASSED] - click(findTestObject("TC04-AccountMatching-MGA/ClickGoButton")): Object: 'Object Repository/TC04-AccountMatching-MGA/ClickGoButton' is clicked on

2019-04-16 14:59:26 - [MESSAGE][PASSED] - Object: 'Object Repository/TC04-AccountMatching-MGA/ClickGoButton' is clicked on

2019-04-16 14:59:26 - [TEST_STEP][PASSED] - waitForJQueryLoad(5): jQuery is ready.

2019-04-16 14:59:26 - [MESSAGE][PASSED] - jQuery is ready.

2019-04-16 14:59:26 - [TEST_STEP][PASSED] - selectOptionByLabel(findTestObject("TC04-AccountMatching-MGA/SelectAccount"), "New Insurer Comission Account -- Allocated -- New Insurer-COM-ACC -- USD", false): All options with label 'New Insurer Comission Account -- Allocated -- New Insurer-COM-ACC -- USD' are selected in object 'Object Repository/TC04-AccountMatching-MGA/SelectAccount' 

2019-04-16 14:59:26 - [MESSAGE][PASSED] - All options with label 'New Insurer Comission Account -- Allocated -- New Insurer-COM-ACC -- USD' are selected in object 'Object Repository/TC04-AccountMatching-MGA/SelectAccount' 

2019-04-16 14:59:26 - [TEST_STEP][PASSED] - delay(5): Delayed 5 second(s)

2019-04-16 14:59:31 - [MESSAGE][PASSED] - Delayed 5 second(s)

2019-04-16 14:59:31 - [TEST_STEP][PASSED] - setText(findTestObject("TC04-AccountMatching-MGA/Acc_Matching_PolicyNo_TextBox"), MTA_Policy_No): Text '' is set on object 'Object Repository/TC04-AccountMatching-MGA/Acc_Matching_PolicyNo_TextBox'

2019-04-16 14:59:31 - [MESSAGE][PASSED] - Text '' is set on object 'Object Repository/TC04-AccountMatching-MGA/Acc_Matching_PolicyNo_TextBox'

2019-04-16 14:59:31 - [TEST_STEP][PASSED] - sendKeys(findTestObject("TC04-AccountMatching-MGA/Acc_Matching_PolicyNo_TextBox"), Keys.chord(ENTER)): Keys 'ENTER + ' sent to object: 'Object Repository/TC04-AccountMatching-MGA/Acc_Matching_PolicyNo_TextBox'

2019-04-16 14:59:31 - [MESSAGE][PASSED] - Keys 'ENTER + ' sent to object: 'Object Repository/TC04-AccountMatching-MGA/Acc_Matching_PolicyNo_TextBox'

2019-04-16 14:59:31 - [TEST_STEP][PASSED] - delay(5): Delayed 5 second(s)

2019-04-16 14:59:36 - [MESSAGE][PASSED] - Delayed 5 second(s)

2019-04-16 14:59:36 - [TEST_STEP][PASSED] - waitForElementClickable(findTestObject("TC04-AccountMatching-MGA/CheckBox"), 5): Object 'Object Repository/TC04-AccountMatching-MGA/CheckBox' is clickable

2019-04-16 14:59:37 - [MESSAGE][PASSED] - Object 'Object Repository/TC04-AccountMatching-MGA/CheckBox' is clickable

2019-04-16 14:59:37 - [TEST_STEP][PASSED] - click(findTestObject("TC04-AccountMatching-MGA/CheckBox")): Object: 'Object Repository/TC04-AccountMatching-MGA/CheckBox' is clicked on

2019-04-16 14:59:37 - [MESSAGE][PASSED] - Object: 'Object Repository/TC04-AccountMatching-MGA/CheckBox' is clicked on

2019-04-16 14:59:37 - [TEST_STEP][PASSED] - delay(4): Delayed 4 second(s)

2019-04-16 14:59:41 - [MESSAGE][PASSED] - Delayed 4 second(s)

2019-04-16 14:59:41 - [TEST_STEP][PASSED] - Insurer_Comission_Amount = getText(findTestObject("TC04-AccountMatching-MGA/MGA_Amount")): Text of object 'Object Repository/TC04-AccountMatching-MGA/MGA_Amount' is: 'USD 84.00'

2019-04-16 14:59:41 - [MESSAGE][PASSED] - Text of object 'Object Repository/TC04-AccountMatching-MGA/MGA_Amount' is: 'USD 84.00'

2019-04-16 14:59:41 - [TEST_STEP][PASSED] - scrollToElement(findTestObject("TC04-AccountMatching-MGA/PAYFULL"), 5): Scroll to object 'Object Repository/TC04-AccountMatching-MGA/PAYFULL' successfully

2019-04-16 14:59:41 - [MESSAGE][PASSED] - Scroll to object 'Object Repository/TC04-AccountMatching-MGA/PAYFULL' successfully

2019-04-16 14:59:41 - [TEST_STEP][PASSED] - setText(findTestObject("TC04-AccountMatching-MGA/PAYFULL"), Insurer_Comission_Amount): Text 'USD 84.00' is set on object 'Object Repository/TC04-AccountMatching-MGA/PAYFULL'

2019-04-16 14:59:41 - [MESSAGE][PASSED] - Text 'USD 84.00' is set on object 'Object Repository/TC04-AccountMatching-MGA/PAYFULL'

2019-04-16 14:59:41 - [TEST_STEP][PASSED] - click(findTestObject("TC04-AccountMatching-MGA/MatchAmount")): Object: 'Object Repository/TC04-AccountMatching-MGA/MatchAmount' is clicked on

2019-04-16 14:59:41 - [MESSAGE][PASSED] - Object: 'Object Repository/TC04-AccountMatching-MGA/MatchAmount' is clicked on

2019-04-16 14:59:41 - [TEST_STEP][PASSED] - delay(5): Delayed 5 second(s)

2019-04-16 14:59:46 - [MESSAGE][PASSED] - Delayed 5 second(s)

2019-04-16 14:59:46 - [TEST_STEP][PASSED] - com.excel.helper.InsurerComission.updateTheExcel("E:\MarkitCore\CoreApplication\Data Files\TestData\Comission.xlsx", "Sheet1", Insurer_Comission_Amount): com.excel.helper.InsurerComission.updateTheExcel is PASSED

2019-04-16 14:59:46 - [MESSAGE][PASSED] - com.excel.helper.InsurerComission.updateTheExcel is PASSED

2019-04-16 14:59:46 - [TEST_STEP][PASSED] - log.logInfo(Insurer_Comission_Amount): USD 84.00

2019-04-16 14:59:46 - [MESSAGE][INFO] - USD 84.00]]></system-out>
         <system-err><![CDATA[]]></system-err>
      </testcase>
      <testcase name="Test Cases/TC08-AccountMatching-Insurer" classname="Test Cases/TC08-AccountMatching-Insurer" status="PASSED">
         <system-out><![CDATA[2019-04-16 14:59:46 - [TEST_CASE][PASSED] - Test Cases/TC08-AccountMatching-Insurer: Test Cases/TC08-AccountMatching-Insurer

2019-04-16 14:59:46 - [TEST_STEP][PASSED] - log = new com.kms.katalon.core.logging.KeywordLogger(): null

2019-04-16 14:59:46 - [TEST_STEP][PASSED] - delay(3): Delayed 3 second(s)

2019-04-16 14:59:49 - [MESSAGE][PASSED] - Delayed 3 second(s)

2019-04-16 14:59:49 - [TEST_STEP][PASSED] - scrollToElement(findTestObject("TC04-AccountMatching-MGA/AccountManagement"), 5): Scroll to object 'Object Repository/TC04-AccountMatching-MGA/AccountManagement' successfully

2019-04-16 14:59:49 - [MESSAGE][PASSED] - Scroll to object 'Object Repository/TC04-AccountMatching-MGA/AccountManagement' successfully

2019-04-16 14:59:49 - [TEST_STEP][PASSED] - click(findTestObject("TC04-AccountMatching-MGA/AccountManagement")): Object: 'Object Repository/TC04-AccountMatching-MGA/AccountManagement' is clicked on

2019-04-16 14:59:49 - [MESSAGE][PASSED] - Object: 'Object Repository/TC04-AccountMatching-MGA/AccountManagement' is clicked on

2019-04-16 14:59:49 - [TEST_STEP][NOT_RUN] - delay(5): NOT_RUN: delay(5)

2019-04-16 14:59:49 - [MESSAGE][NOT_RUN] - NOT_RUN: delay(5)

2019-04-16 14:59:49 - [TEST_STEP][PASSED] - waitForElementVisible(findTestObject("TC04-AccountMatching-MGA/AccountMatchingLink"), 4): Object 'Object Repository/TC04-AccountMatching-MGA/AccountMatchingLink' is visible

2019-04-16 14:59:49 - [MESSAGE][PASSED] - Object 'Object Repository/TC04-AccountMatching-MGA/AccountMatchingLink' is visible

2019-04-16 14:59:49 - [TEST_STEP][PASSED] - click(findTestObject("TC04-AccountMatching-MGA/AccountMatchingLink")): Object: 'Object Repository/TC04-AccountMatching-MGA/AccountMatchingLink' is clicked on

2019-04-16 14:59:50 - [MESSAGE][PASSED] - Object: 'Object Repository/TC04-AccountMatching-MGA/AccountMatchingLink' is clicked on

2019-04-16 14:59:50 - [TEST_STEP][PASSED] - delay(5): Delayed 5 second(s)

2019-04-16 14:59:55 - [MESSAGE][PASSED] - Delayed 5 second(s)

2019-04-16 14:59:55 - [TEST_STEP][PASSED] - selectOptionByLabel(findTestObject("TC04-AccountMatching-MGA/EntityType"), "Insurer", false): All options with label 'Insurer' are selected in object 'Object Repository/TC04-AccountMatching-MGA/EntityType' 

2019-04-16 14:59:56 - [MESSAGE][PASSED] - All options with label 'Insurer' are selected in object 'Object Repository/TC04-AccountMatching-MGA/EntityType' 

2019-04-16 14:59:56 - [TEST_STEP][PASSED] - delay(5): Delayed 5 second(s)

2019-04-16 15:00:01 - [MESSAGE][PASSED] - Delayed 5 second(s)

2019-04-16 15:00:01 - [TEST_STEP][PASSED] - selectOptionByLabel(findTestObject("TC04-AccountMatching-MGA/Entity"), "New Insurer", false): All options with label 'New Insurer' are selected in object 'Object Repository/TC04-AccountMatching-MGA/Entity' 

2019-04-16 15:00:01 - [MESSAGE][PASSED] - All options with label 'New Insurer' are selected in object 'Object Repository/TC04-AccountMatching-MGA/Entity' 

2019-04-16 15:00:01 - [TEST_STEP][PASSED] - waitForElementClickable(findTestObject("TC04-AccountMatching-MGA/ClickGoButton"), 5): Object 'Object Repository/TC04-AccountMatching-MGA/ClickGoButton' is clickable

2019-04-16 15:00:01 - [MESSAGE][PASSED] - Object 'Object Repository/TC04-AccountMatching-MGA/ClickGoButton' is clickable

2019-04-16 15:00:01 - [TEST_STEP][PASSED] - click(findTestObject("TC04-AccountMatching-MGA/ClickGoButton")): Object: 'Object Repository/TC04-AccountMatching-MGA/ClickGoButton' is clicked on

2019-04-16 15:00:03 - [MESSAGE][PASSED] - Object: 'Object Repository/TC04-AccountMatching-MGA/ClickGoButton' is clicked on

2019-04-16 15:00:03 - [TEST_STEP][PASSED] - waitForJQueryLoad(5): jQuery is ready.

2019-04-16 15:00:04 - [MESSAGE][PASSED] - jQuery is ready.

2019-04-16 15:00:04 - [TEST_STEP][PASSED] - selectOptionByLabel(findTestObject("TC04-AccountMatching-MGA/SelectAccount"), "New Insurer Comission Account -- Allocated -- New Insurer-COM-ACC -- USD", false): All options with label 'New Insurer Comission Account -- Allocated -- New Insurer-COM-ACC -- USD' are selected in object 'Object Repository/TC04-AccountMatching-MGA/SelectAccount' 

2019-04-16 15:00:04 - [MESSAGE][PASSED] - All options with label 'New Insurer Comission Account -- Allocated -- New Insurer-COM-ACC -- USD' are selected in object 'Object Repository/TC04-AccountMatching-MGA/SelectAccount' 

2019-04-16 15:00:04 - [TEST_STEP][PASSED] - delay(5): Delayed 5 second(s)

2019-04-16 15:00:09 - [MESSAGE][PASSED] - Delayed 5 second(s)

2019-04-16 15:00:09 - [TEST_STEP][PASSED] - setText(findTestObject("TC04-AccountMatching-MGA/Acc_Matching_PolicyNo_TextBox"), MTA_Policy_No): Text '' is set on object 'Object Repository/TC04-AccountMatching-MGA/Acc_Matching_PolicyNo_TextBox'

2019-04-16 15:00:09 - [MESSAGE][PASSED] - Text '' is set on object 'Object Repository/TC04-AccountMatching-MGA/Acc_Matching_PolicyNo_TextBox'

2019-04-16 15:00:09 - [TEST_STEP][PASSED] - sendKeys(findTestObject("TC04-AccountMatching-MGA/Acc_Matching_PolicyNo_TextBox"), Keys.chord(ENTER)): Keys 'ENTER + ' sent to object: 'Object Repository/TC04-AccountMatching-MGA/Acc_Matching_PolicyNo_TextBox'

2019-04-16 15:00:09 - [MESSAGE][PASSED] - Keys 'ENTER + ' sent to object: 'Object Repository/TC04-AccountMatching-MGA/Acc_Matching_PolicyNo_TextBox'

2019-04-16 15:00:09 - [TEST_STEP][PASSED] - delay(5): Delayed 5 second(s)

2019-04-16 15:00:14 - [MESSAGE][PASSED] - Delayed 5 second(s)

2019-04-16 15:00:14 - [TEST_STEP][PASSED] - waitForElementClickable(findTestObject("TC04-AccountMatching-MGA/CheckBox"), 5): Object 'Object Repository/TC04-AccountMatching-MGA/CheckBox' is clickable

2019-04-16 15:00:14 - [MESSAGE][PASSED] - Object 'Object Repository/TC04-AccountMatching-MGA/CheckBox' is clickable

2019-04-16 15:00:14 - [TEST_STEP][PASSED] - click(findTestObject("TC04-AccountMatching-MGA/CheckBox")): Object: 'Object Repository/TC04-AccountMatching-MGA/CheckBox' is clicked on

2019-04-16 15:00:14 - [MESSAGE][PASSED] - Object: 'Object Repository/TC04-AccountMatching-MGA/CheckBox' is clicked on

2019-04-16 15:00:14 - [TEST_STEP][PASSED] - delay(4): Delayed 4 second(s)

2019-04-16 15:00:18 - [MESSAGE][PASSED] - Delayed 4 second(s)

2019-04-16 15:00:18 - [TEST_STEP][PASSED] - Insurer_Comission_Amount = getText(findTestObject("TC04-AccountMatching-MGA/MGA_Amount")): Text of object 'Object Repository/TC04-AccountMatching-MGA/MGA_Amount' is: 'USD 84.00'

2019-04-16 15:00:18 - [MESSAGE][PASSED] - Text of object 'Object Repository/TC04-AccountMatching-MGA/MGA_Amount' is: 'USD 84.00'

2019-04-16 15:00:18 - [TEST_STEP][PASSED] - scrollToElement(findTestObject("TC04-AccountMatching-MGA/PAYFULL"), 5): Scroll to object 'Object Repository/TC04-AccountMatching-MGA/PAYFULL' successfully

2019-04-16 15:00:18 - [MESSAGE][PASSED] - Scroll to object 'Object Repository/TC04-AccountMatching-MGA/PAYFULL' successfully

2019-04-16 15:00:18 - [TEST_STEP][PASSED] - setText(findTestObject("TC04-AccountMatching-MGA/PAYFULL"), Insurer_Comission_Amount): Text 'USD 84.00' is set on object 'Object Repository/TC04-AccountMatching-MGA/PAYFULL'

2019-04-16 15:00:18 - [MESSAGE][PASSED] - Text 'USD 84.00' is set on object 'Object Repository/TC04-AccountMatching-MGA/PAYFULL'

2019-04-16 15:00:18 - [TEST_STEP][PASSED] - click(findTestObject("TC04-AccountMatching-MGA/MatchAmount")): Object: 'Object Repository/TC04-AccountMatching-MGA/MatchAmount' is clicked on

2019-04-16 15:00:19 - [MESSAGE][PASSED] - Object: 'Object Repository/TC04-AccountMatching-MGA/MatchAmount' is clicked on

2019-04-16 15:00:19 - [TEST_STEP][PASSED] - delay(5): Delayed 5 second(s)

2019-04-16 15:00:24 - [MESSAGE][PASSED] - Delayed 5 second(s)

2019-04-16 15:00:24 - [TEST_STEP][PASSED] - com.excel.helper.InsurerComission.updateTheExcel("E:\MarkitCore\CoreApplication\Data Files\TestData\Comission.xlsx", "Sheet1", Insurer_Comission_Amount): com.excel.helper.InsurerComission.updateTheExcel is PASSED

2019-04-16 15:00:24 - [MESSAGE][PASSED] - com.excel.helper.InsurerComission.updateTheExcel is PASSED

2019-04-16 15:00:24 - [TEST_STEP][PASSED] - log.logInfo(Insurer_Comission_Amount): USD 84.00

2019-04-16 15:00:24 - [MESSAGE][INFO] - USD 84.00]]></system-out>
         <system-err><![CDATA[]]></system-err>
      </testcase>
      <system-out><![CDATA[2019-04-16 14:52:21 - [TEST_SUITE][PASSED] - PolicyCreation: Test Cases/TC08-AccountMatching-Insurer]]></system-out>
      <system-err><![CDATA[]]></system-err>
   </testsuite>
</testsuites>
